[debug] [2021-01-02T13:28:42.434Z] ----------------------------------------------------------------------
[debug] [2021-01-02T13:28:42.435Z] Command:       C:\Program Files\nodejs\node.exe C:\Users\pc\AppData\Roaming\npm\node_modules\firebase-tools\lib\bin\firebase.js emulators:start
[debug] [2021-01-02T13:28:42.436Z] CLI Version:   9.0.1
[debug] [2021-01-02T13:28:42.436Z] Platform:      win32
[debug] [2021-01-02T13:28:42.436Z] Node Version:  v14.15.2
[debug] [2021-01-02T13:28:42.436Z] Time:          Sat Jan 02 2021 18:58:42 GMT+0530 (India Standard Time)
[debug] [2021-01-02T13:28:42.437Z] ----------------------------------------------------------------------
[debug] [2021-01-02T13:28:42.437Z] 
[debug] [2021-01-02T13:28:42.442Z] > command requires scopes: ["email","openid","https://www.googleapis.com/auth/cloudplatformprojects.readonly","https://www.googleapis.com/auth/firebase","https://www.googleapis.com/auth/cloud-platform"]
[debug] [2021-01-02T13:28:42.443Z] > authorizing via signed-in user
[info] i  emulators: Starting emulators: functions, hosting {"metadata":{"emulator":{"name":"hub"},"message":"Starting emulators: functions, hosting"}}
[warn] !  emulators: It seems that you are running multiple instances of the emulator suite for project challenge-7e003. This may result in unexpected behavior. 
[debug] [2021-01-02T13:28:42.465Z] [hub] writing locator at C:\Users\pc\AppData\Local\Temp\hub-challenge-7e003.json
[warn] !  functions: The following emulators are not running, calls to these services from the Functions emulator will affect production: auth, firestore, database, pubsub {"metadata":{"emulator":{"name":"functions"},"message":"The following emulators are not running, calls to these services from the Functions emulator will affect production: \u001b[1mauth, firestore, database, pubsub\u001b[22m"}}
[warn] !  Your requested "node" version "12" doesn't match your global version "14" {"metadata":{"emulator":{"name":"functions"},"message":"Your requested \"node\" version \"12\" doesn't match your global version \"14\""}}
[debug] [2021-01-02T13:28:42.532Z] defaultcredentials: writing to file C:\Users\pc\AppData\Roaming\firebase\kishanpitaliya_gmail_com_application_default_credentials.json
[debug] [2021-01-02T13:28:42.535Z] Setting GAC to C:\Users\pc\AppData\Roaming\firebase\kishanpitaliya_gmail_com_application_default_credentials.json {"metadata":{"emulator":{"name":"functions"},"message":"Setting GAC to C:\\Users\\pc\\AppData\\Roaming\\firebase\\kishanpitaliya_gmail_com_application_default_credentials.json"}}
[debug] [2021-01-02T13:28:42.549Z] >>> HTTP REQUEST GET https://firebase.googleapis.com/v1beta1/projects/challenge-7e003/webApps/-/config  
 
[debug] [2021-01-02T13:28:44.112Z] <<< HTTP RESPONSE 200 {"content-type":"application/json; charset=UTF-8","vary":"X-Origin, Referer, Origin,Accept-Encoding","date":"Sat, 02 Jan 2021 13:28:44 GMT","server":"ESF","cache-control":"private","x-xss-protection":"0","x-frame-options":"SAMEORIGIN","x-content-type-options":"nosniff","alt-svc":"h3-29=\":443\"; ma=2592000,h3-T051=\":443\"; ma=2592000,h3-Q050=\":443\"; ma=2592000,h3-Q046=\":443\"; ma=2592000,h3-Q043=\":443\"; ma=2592000,quic=\":443\"; ma=2592000; v=\"46,43\"","accept-ranges":"none","transfer-encoding":"chunked"}
[info] i  hosting: Serving hosting files from: build {"metadata":{"emulator":{"name":"hosting"},"message":"Serving hosting files from: \u001b[1mbuild\u001b[22m"}}
[info] +  hosting: Local server: http://localhost:5000 {"metadata":{"emulator":{"name":"hosting"},"message":"Local server: \u001b[4m\u001b[1mhttp://localhost:5000\u001b[22m\u001b[24m"}}
[warn] !  ui: Emulator UI unable to start on port 4000, starting on 4001 instead. {"metadata":{"emulator":{"name":"ui"},"message":"Emulator UI unable to start on port 4000, starting on 4001 instead."}}
[debug] [2021-01-02T13:28:44.171Z] Ignoring unsupported arg: auto_download {"metadata":{"emulator":{"name":"ui"},"message":"Ignoring unsupported arg: auto_download"}}
[debug] [2021-01-02T13:28:44.171Z] Ignoring unsupported arg: port {"metadata":{"emulator":{"name":"ui"},"message":"Ignoring unsupported arg: port"}}
[debug] [2021-01-02T13:28:44.171Z] Starting Emulator UI with command {"binary":"node","args":["C:\\Users\\pc\\.cache\\firebase\\emulators\\ui-v1.4.0\\server.bundle.js"],"optionalArgs":[],"joinArgs":false} {"metadata":{"emulator":{"name":"ui"},"message":"Starting Emulator UI with command {\"binary\":\"node\",\"args\":[\"C:\\\\Users\\\\pc\\\\.cache\\\\firebase\\\\emulators\\\\ui-v1.4.0\\\\server.bundle.js\"],\"optionalArgs\":[],\"joinArgs\":false}"}}
[info] i  ui: Emulator UI logging to ui-debug.log {"metadata":{"emulator":{"name":"ui"},"message":"Emulator UI logging to \u001b[1mui-debug.log\u001b[22m"}}
[debug] [2021-01-02T13:28:44.304Z] Web / API server started at http://localhost:4001
 {"metadata":{"emulator":{"name":"ui"},"message":"Web / API server started at http://localhost:4001\n"}}
[info] i  functions: Watching "D:\Coding\ReactJS\amazon-clone-final\functions" for Cloud Functions... {"metadata":{"emulator":{"name":"functions"},"message":"Watching \"D:\\Coding\\ReactJS\\amazon-clone-final\\functions\" for Cloud Functions..."}}
[debug] [2021-01-02T13:28:44.480Z] [worker-pool] addWorker(~diagnostic~) {"metadata":{"emulator":{"name":"functions"},"message":"[worker-pool] addWorker(~diagnostic~)"}}
[debug] [2021-01-02T13:28:44.480Z] [worker-pool] Adding worker with key ~diagnostic~, total=1 {"metadata":{"emulator":{"name":"functions"},"message":"[worker-pool] Adding worker with key ~diagnostic~, total=1"}}
[debug] [2021-01-02T13:28:44.480Z] [worker-pool] submitWork(triggerId=) {"metadata":{"emulator":{"name":"functions"},"message":"[worker-pool] submitWork(triggerId=)"}}
[debug] [2021-01-02T13:28:44.480Z] [worker-~diagnostic~-57bce40a-cd39-462c-b67a-2a16ce06bc8a]: Assigning socketPath: \\?\pipe\D:\Coding\ReactJS\amazon-clone-final\functions\4352 {"metadata":{"emulator":{"name":"functions"},"message":"[worker-~diagnostic~-57bce40a-cd39-462c-b67a-2a16ce06bc8a]: Assigning socketPath: \\\\?\\pipe\\D:\\Coding\\ReactJS\\amazon-clone-final\\functions\\4352"}}
[debug] [2021-01-02T13:28:44.480Z] [worker-~diagnostic~-57bce40a-cd39-462c-b67a-2a16ce06bc8a]: BUSY {"metadata":{"emulator":{"name":"functions"},"message":"[worker-~diagnostic~-57bce40a-cd39-462c-b67a-2a16ce06bc8a]: BUSY"}}
[debug] [2021-01-02T13:28:44.659Z] [runtime-status] [4352] Functions runtime initialized. {"cwd":"D:\\Coding\\ReactJS\\amazon-clone-final\\functions","node_version":"14.15.2"} {"metadata":{"emulator":{"name":"functions"},"message":"[runtime-status] [4352] Functions runtime initialized. {\"cwd\":\"D:\\\\Coding\\\\ReactJS\\\\amazon-clone-final\\\\functions\",\"node_version\":\"14.15.2\"}"}}
[debug] [2021-01-02T13:28:44.660Z] [runtime-status] [4352] Disabled runtime features: undefined {"metadata":{"emulator":{"name":"functions"},"message":"[runtime-status] [4352] Disabled runtime features: undefined"}}
[debug] [2021-01-02T13:28:44.673Z] [runtime-status] [4352] Resolved module firebase-admin {"declared":true,"installed":true,"version":"9.4.2","resolution":"D:\\Coding\\ReactJS\\amazon-clone-final\\functions\\node_modules\\firebase-admin\\lib\\index.js"} {"metadata":{"emulator":{"name":"functions"},"message":"[runtime-status] [4352] Resolved module firebase-admin {\"declared\":true,\"installed\":true,\"version\":\"9.4.2\",\"resolution\":\"D:\\\\Coding\\\\ReactJS\\\\amazon-clone-final\\\\functions\\\\node_modules\\\\firebase-admin\\\\lib\\\\index.js\"}"}}
[debug] [2021-01-02T13:28:44.689Z] [runtime-status] [4352] Resolved module firebase-functions {"declared":true,"installed":true,"version":"3.13.0","resolution":"D:\\Coding\\ReactJS\\amazon-clone-final\\functions\\node_modules\\firebase-functions\\lib\\index.js"} {"metadata":{"emulator":{"name":"functions"},"message":"[runtime-status] [4352] Resolved module firebase-functions {\"declared\":true,\"installed\":true,\"version\":\"3.13.0\",\"resolution\":\"D:\\\\Coding\\\\ReactJS\\\\amazon-clone-final\\\\functions\\\\node_modules\\\\firebase-functions\\\\lib\\\\index.js\"}"}}
[debug] [2021-01-02T13:28:44.691Z] [runtime-status] [4352] Resolved module firebase-functions {"declared":true,"installed":true,"version":"3.13.0","resolution":"D:\\Coding\\ReactJS\\amazon-clone-final\\functions\\node_modules\\firebase-functions\\lib\\index.js"} {"metadata":{"emulator":{"name":"functions"},"message":"[runtime-status] [4352] Resolved module firebase-functions {\"declared\":true,\"installed\":true,\"version\":\"3.13.0\",\"resolution\":\"D:\\\\Coding\\\\ReactJS\\\\amazon-clone-final\\\\functions\\\\node_modules\\\\firebase-functions\\\\lib\\\\index.js\"}"}}
[debug] [2021-01-02T13:28:44.692Z] [runtime-status] [4352] Outgoing network have been stubbed. [{"name":"http","status":"mocked"},{"name":"http","status":"mocked"},{"name":"https","status":"mocked"},{"name":"https","status":"mocked"},{"name":"net","status":"mocked"}] {"metadata":{"emulator":{"name":"functions"},"message":"[runtime-status] [4352] Outgoing network have been stubbed. [{\"name\":\"http\",\"status\":\"mocked\"},{\"name\":\"http\",\"status\":\"mocked\"},{\"name\":\"https\",\"status\":\"mocked\"},{\"name\":\"https\",\"status\":\"mocked\"},{\"name\":\"net\",\"status\":\"mocked\"}]"}}
[debug] [2021-01-02T13:28:44.692Z] [runtime-status] [4352] Resolved module firebase-functions {"declared":true,"installed":true,"version":"3.13.0","resolution":"D:\\Coding\\ReactJS\\amazon-clone-final\\functions\\node_modules\\firebase-functions\\lib\\index.js"} {"metadata":{"emulator":{"name":"functions"},"message":"[runtime-status] [4352] Resolved module firebase-functions {\"declared\":true,\"installed\":true,\"version\":\"3.13.0\",\"resolution\":\"D:\\\\Coding\\\\ReactJS\\\\amazon-clone-final\\\\functions\\\\node_modules\\\\firebase-functions\\\\lib\\\\index.js\"}"}}
[debug] [2021-01-02T13:28:45.499Z] [runtime-status] [4352] Checked functions.config() {"config":{}} {"metadata":{"emulator":{"name":"functions"},"message":"[runtime-status] [4352] Checked functions.config() {\"config\":{}}"}}
[debug] [2021-01-02T13:28:45.500Z] [runtime-status] [4352] firebase-functions has been stubbed. {"functionsResolution":{"declared":true,"installed":true,"version":"3.13.0","resolution":"D:\\Coding\\ReactJS\\amazon-clone-final\\functions\\node_modules\\firebase-functions\\lib\\index.js"}} {"metadata":{"emulator":{"name":"functions"},"message":"[runtime-status] [4352] firebase-functions has been stubbed. {\"functionsResolution\":{\"declared\":true,\"installed\":true,\"version\":\"3.13.0\",\"resolution\":\"D:\\\\Coding\\\\ReactJS\\\\amazon-clone-final\\\\functions\\\\node_modules\\\\firebase-functions\\\\lib\\\\index.js\"}}"}}
[debug] [2021-01-02T13:28:45.500Z] [runtime-status] [4352] Resolved module firebase-functions {"declared":true,"installed":true,"version":"3.13.0","resolution":"D:\\Coding\\ReactJS\\amazon-clone-final\\functions\\node_modules\\firebase-functions\\lib\\index.js"} {"metadata":{"emulator":{"name":"functions"},"message":"[runtime-status] [4352] Resolved module firebase-functions {\"declared\":true,\"installed\":true,\"version\":\"3.13.0\",\"resolution\":\"D:\\\\Coding\\\\ReactJS\\\\amazon-clone-final\\\\functions\\\\node_modules\\\\firebase-functions\\\\lib\\\\index.js\"}"}}
[debug] [2021-01-02T13:28:45.501Z] [runtime-status] [4352] Resolved module firebase-admin {"declared":true,"installed":true,"version":"9.4.2","resolution":"D:\\Coding\\ReactJS\\amazon-clone-final\\functions\\node_modules\\firebase-admin\\lib\\index.js"} {"metadata":{"emulator":{"name":"functions"},"message":"[runtime-status] [4352] Resolved module firebase-admin {\"declared\":true,\"installed\":true,\"version\":\"9.4.2\",\"resolution\":\"D:\\\\Coding\\\\ReactJS\\\\amazon-clone-final\\\\functions\\\\node_modules\\\\firebase-admin\\\\lib\\\\index.js\"}"}}
[debug] [2021-01-02T13:28:45.501Z] [runtime-status] [4352] Resolved module firebase-functions {"declared":true,"installed":true,"version":"3.13.0","resolution":"D:\\Coding\\ReactJS\\amazon-clone-final\\functions\\node_modules\\firebase-functions\\lib\\index.js"} {"metadata":{"emulator":{"name":"functions"},"message":"[runtime-status] [4352] Resolved module firebase-functions {\"declared\":true,\"installed\":true,\"version\":\"3.13.0\",\"resolution\":\"D:\\\\Coding\\\\ReactJS\\\\amazon-clone-final\\\\functions\\\\node_modules\\\\firebase-functions\\\\lib\\\\index.js\"}"}}
[debug] [2021-01-02T13:28:45.501Z] [runtime-status] [4352] firebase-admin has been stubbed. {"adminResolution":{"declared":true,"installed":true,"version":"9.4.2","resolution":"D:\\Coding\\ReactJS\\amazon-clone-final\\functions\\node_modules\\firebase-admin\\lib\\index.js"}} {"metadata":{"emulator":{"name":"functions"},"message":"[runtime-status] [4352] firebase-admin has been stubbed. {\"adminResolution\":{\"declared\":true,\"installed\":true,\"version\":\"9.4.2\",\"resolution\":\"D:\\\\Coding\\\\ReactJS\\\\amazon-clone-final\\\\functions\\\\node_modules\\\\firebase-admin\\\\lib\\\\index.js\"}}"}}
[info] +  functions[api]: http function initialized (http://localhost:5001/challenge-7e003/us-central1/api). {"metadata":{"emulator":{"name":"functions"},"message":"\u001b[1mhttp\u001b[22m function initialized (http://localhost:5001/challenge-7e003/us-central1/api)."}}
[info] 
┌─────────────────────────────────────────────────────────────┐
│ ✔  All emulators ready! It is now safe to connect your app. │
│ i  View Emulator UI at http://localhost:4001                │
└─────────────────────────────────────────────────────────────┘

┌───────────┬────────────────┬─────────────────────────────────┐
│ Emulator  │ Host:Port      │ View in Emulator UI             │
├───────────┼────────────────┼─────────────────────────────────┤
│ Functions │ localhost:5001 │ http://localhost:4001/functions │
├───────────┼────────────────┼─────────────────────────────────┤
│ Hosting   │ localhost:5000 │ n/a                             │
└───────────┴────────────────┴─────────────────────────────────┘
  Emulator Hub running at localhost:4400
  Other reserved ports: 4500

Issues? Report them at https://github.com/firebase/firebase-tools/issues and attach the *-debug.log files.
 
[debug] [2021-01-02T13:28:47.109Z] [worker-~diagnostic~-57bce40a-cd39-462c-b67a-2a16ce06bc8a]: IDLE {"metadata":{"emulator":{"name":"functions"},"message":"[worker-~diagnostic~-57bce40a-cd39-462c-b67a-2a16ce06bc8a]: IDLE"}}
[debug] [2021-01-02T13:34:53.574Z] [work-queue] {"queueLength":1,"workRunningCount":0}
[debug] [2021-01-02T13:34:53.574Z] [work-queue] {"queueLength":0,"workRunningCount":1}
[debug] [2021-01-02T13:34:53.574Z] Accepted request GET /challenge-7e003/us-central1/api --> api
[debug] [2021-01-02T13:34:53.582Z] [worker-pool] addWorker(api) {"metadata":{"emulator":{"name":"functions"},"message":"[worker-pool] addWorker(api)"}}
[debug] [2021-01-02T13:34:53.583Z] [worker-pool] Adding worker with key api, total=1 {"metadata":{"emulator":{"name":"functions"},"message":"[worker-pool] Adding worker with key api, total=1"}}
[debug] [2021-01-02T13:34:53.583Z] [worker-pool] submitWork(triggerId=api) {"metadata":{"emulator":{"name":"functions"},"message":"[worker-pool] submitWork(triggerId=api)"}}
[debug] [2021-01-02T13:34:53.583Z] [worker-api-8be8306e-854d-41c7-8ec8-8376bbb61daf]: Assigning socketPath: \\?\pipe\D:\Coding\ReactJS\amazon-clone-final\functions\29384 {"metadata":{"emulator":{"name":"functions"},"message":"[worker-api-8be8306e-854d-41c7-8ec8-8376bbb61daf]: Assigning socketPath: \\\\?\\pipe\\D:\\Coding\\ReactJS\\amazon-clone-final\\functions\\29384"}}
[debug] [2021-01-02T13:34:53.583Z] [worker-api-8be8306e-854d-41c7-8ec8-8376bbb61daf]: BUSY {"metadata":{"emulator":{"name":"functions"},"message":"[worker-api-8be8306e-854d-41c7-8ec8-8376bbb61daf]: BUSY"}}
[debug] [2021-01-02T13:34:53.896Z] [runtime-status] [29384] Functions runtime initialized. {"cwd":"D:\\Coding\\ReactJS\\amazon-clone-final\\functions","node_version":"14.15.2"} {"metadata":{"emulator":{"name":"functions"},"function":{"name":"api"},"message":"[runtime-status] [29384] Functions runtime initialized. {\"cwd\":\"D:\\\\Coding\\\\ReactJS\\\\amazon-clone-final\\\\functions\",\"node_version\":\"14.15.2\"}"}}
[debug] [2021-01-02T13:34:53.898Z] [runtime-status] [29384] Disabled runtime features: undefined {"metadata":{"emulator":{"name":"functions"},"function":{"name":"api"},"message":"[runtime-status] [29384] Disabled runtime features: undefined"}}
[debug] [2021-01-02T13:34:53.948Z] [runtime-status] [29384] Resolved module firebase-admin {"declared":true,"installed":true,"version":"9.4.2","resolution":"D:\\Coding\\ReactJS\\amazon-clone-final\\functions\\node_modules\\firebase-admin\\lib\\index.js"} {"metadata":{"emulator":{"name":"functions"},"function":{"name":"api"},"message":"[runtime-status] [29384] Resolved module firebase-admin {\"declared\":true,\"installed\":true,\"version\":\"9.4.2\",\"resolution\":\"D:\\\\Coding\\\\ReactJS\\\\amazon-clone-final\\\\functions\\\\node_modules\\\\firebase-admin\\\\lib\\\\index.js\"}"}}
[debug] [2021-01-02T13:34:53.965Z] [runtime-status] [29384] Resolved module firebase-functions {"declared":true,"installed":true,"version":"3.13.0","resolution":"D:\\Coding\\ReactJS\\amazon-clone-final\\functions\\node_modules\\firebase-functions\\lib\\index.js"} {"metadata":{"emulator":{"name":"functions"},"function":{"name":"api"},"message":"[runtime-status] [29384] Resolved module firebase-functions {\"declared\":true,\"installed\":true,\"version\":\"3.13.0\",\"resolution\":\"D:\\\\Coding\\\\ReactJS\\\\amazon-clone-final\\\\functions\\\\node_modules\\\\firebase-functions\\\\lib\\\\index.js\"}"}}
[debug] [2021-01-02T13:34:53.966Z] [runtime-status] [29384] Resolved module firebase-functions {"declared":true,"installed":true,"version":"3.13.0","resolution":"D:\\Coding\\ReactJS\\amazon-clone-final\\functions\\node_modules\\firebase-functions\\lib\\index.js"} {"metadata":{"emulator":{"name":"functions"},"function":{"name":"api"},"message":"[runtime-status] [29384] Resolved module firebase-functions {\"declared\":true,\"installed\":true,\"version\":\"3.13.0\",\"resolution\":\"D:\\\\Coding\\\\ReactJS\\\\amazon-clone-final\\\\functions\\\\node_modules\\\\firebase-functions\\\\lib\\\\index.js\"}"}}
[debug] [2021-01-02T13:34:53.968Z] [runtime-status] [29384] Outgoing network have been stubbed. [{"name":"http","status":"mocked"},{"name":"http","status":"mocked"},{"name":"https","status":"mocked"},{"name":"https","status":"mocked"},{"name":"net","status":"mocked"}] {"metadata":{"emulator":{"name":"functions"},"function":{"name":"api"},"message":"[runtime-status] [29384] Outgoing network have been stubbed. [{\"name\":\"http\",\"status\":\"mocked\"},{\"name\":\"http\",\"status\":\"mocked\"},{\"name\":\"https\",\"status\":\"mocked\"},{\"name\":\"https\",\"status\":\"mocked\"},{\"name\":\"net\",\"status\":\"mocked\"}]"}}
[debug] [2021-01-02T13:34:53.968Z] [runtime-status] [29384] Resolved module firebase-functions {"declared":true,"installed":true,"version":"3.13.0","resolution":"D:\\Coding\\ReactJS\\amazon-clone-final\\functions\\node_modules\\firebase-functions\\lib\\index.js"} {"metadata":{"emulator":{"name":"functions"},"function":{"name":"api"},"message":"[runtime-status] [29384] Resolved module firebase-functions {\"declared\":true,\"installed\":true,\"version\":\"3.13.0\",\"resolution\":\"D:\\\\Coding\\\\ReactJS\\\\amazon-clone-final\\\\functions\\\\node_modules\\\\firebase-functions\\\\lib\\\\index.js\"}"}}
[debug] [2021-01-02T13:34:54.497Z] [runtime-status] [29384] Checked functions.config() {"config":{}} {"metadata":{"emulator":{"name":"functions"},"function":{"name":"api"},"message":"[runtime-status] [29384] Checked functions.config() {\"config\":{}}"}}
[debug] [2021-01-02T13:34:54.497Z] [runtime-status] [29384] firebase-functions has been stubbed. {"functionsResolution":{"declared":true,"installed":true,"version":"3.13.0","resolution":"D:\\Coding\\ReactJS\\amazon-clone-final\\functions\\node_modules\\firebase-functions\\lib\\index.js"}} {"metadata":{"emulator":{"name":"functions"},"function":{"name":"api"},"message":"[runtime-status] [29384] firebase-functions has been stubbed. {\"functionsResolution\":{\"declared\":true,\"installed\":true,\"version\":\"3.13.0\",\"resolution\":\"D:\\\\Coding\\\\ReactJS\\\\amazon-clone-final\\\\functions\\\\node_modules\\\\firebase-functions\\\\lib\\\\index.js\"}}"}}
[debug] [2021-01-02T13:34:54.498Z] [runtime-status] [29384] Resolved module firebase-functions {"declared":true,"installed":true,"version":"3.13.0","resolution":"D:\\Coding\\ReactJS\\amazon-clone-final\\functions\\node_modules\\firebase-functions\\lib\\index.js"} {"metadata":{"emulator":{"name":"functions"},"function":{"name":"api"},"message":"[runtime-status] [29384] Resolved module firebase-functions {\"declared\":true,\"installed\":true,\"version\":\"3.13.0\",\"resolution\":\"D:\\\\Coding\\\\ReactJS\\\\amazon-clone-final\\\\functions\\\\node_modules\\\\firebase-functions\\\\lib\\\\index.js\"}"}}
[debug] [2021-01-02T13:34:54.500Z] [runtime-status] [29384] Resolved module firebase-admin {"declared":true,"installed":true,"version":"9.4.2","resolution":"D:\\Coding\\ReactJS\\amazon-clone-final\\functions\\node_modules\\firebase-admin\\lib\\index.js"} {"metadata":{"emulator":{"name":"functions"},"function":{"name":"api"},"message":"[runtime-status] [29384] Resolved module firebase-admin {\"declared\":true,\"installed\":true,\"version\":\"9.4.2\",\"resolution\":\"D:\\\\Coding\\\\ReactJS\\\\amazon-clone-final\\\\functions\\\\node_modules\\\\firebase-admin\\\\lib\\\\index.js\"}"}}
[debug] [2021-01-02T13:34:54.500Z] [runtime-status] [29384] Resolved module firebase-functions {"declared":true,"installed":true,"version":"3.13.0","resolution":"D:\\Coding\\ReactJS\\amazon-clone-final\\functions\\node_modules\\firebase-functions\\lib\\index.js"} {"metadata":{"emulator":{"name":"functions"},"function":{"name":"api"},"message":"[runtime-status] [29384] Resolved module firebase-functions {\"declared\":true,\"installed\":true,\"version\":\"3.13.0\",\"resolution\":\"D:\\\\Coding\\\\ReactJS\\\\amazon-clone-final\\\\functions\\\\node_modules\\\\firebase-functions\\\\lib\\\\index.js\"}"}}
[debug] [2021-01-02T13:34:54.501Z] [runtime-status] [29384] firebase-admin has been stubbed. {"adminResolution":{"declared":true,"installed":true,"version":"9.4.2","resolution":"D:\\Coding\\ReactJS\\amazon-clone-final\\functions\\node_modules\\firebase-admin\\lib\\index.js"}} {"metadata":{"emulator":{"name":"functions"},"function":{"name":"api"},"message":"[runtime-status] [29384] firebase-admin has been stubbed. {\"adminResolution\":{\"declared\":true,\"installed\":true,\"version\":\"9.4.2\",\"resolution\":\"D:\\\\Coding\\\\ReactJS\\\\amazon-clone-final\\\\functions\\\\node_modules\\\\firebase-admin\\\\lib\\\\index.js\"}}"}}
[debug] [2021-01-02T13:34:55.910Z] [runtime-status] [29384] Trigger "api" has been found, beginning invocation! {"metadata":{"emulator":{"name":"functions"},"function":{"name":"api"},"message":"[runtime-status] [29384] Trigger \"api\" has been found, beginning invocation!"}}
[info] i  functions: Beginning execution of "api" {"metadata":{"emulator":{"name":"functions"},"function":{"name":"api"},"message":"Beginning execution of \"api\""}}
[debug] [2021-01-02T13:34:55.911Z] [runtime-status] [29384] triggerDefinition {"httpsTrigger":{},"name":"api","entryPoint":"api"} {"metadata":{"emulator":{"name":"functions"},"function":{"name":"api"},"message":"[runtime-status] [29384] triggerDefinition {\"httpsTrigger\":{},\"name\":\"api\",\"entryPoint\":\"api\"}"}}
[debug] [2021-01-02T13:34:55.911Z] [runtime-status] [29384] Running api in mode HTTPS {"metadata":{"emulator":{"name":"functions"},"function":{"name":"api"},"message":"[runtime-status] [29384] Running api in mode HTTPS"}}
[debug] [2021-01-02T13:34:55.913Z] [runtime-status] [29384] Attempting to listen to socketPath: \\?\pipe\D:\Coding\ReactJS\amazon-clone-final\functions\29384 {"metadata":{"emulator":{"name":"functions"},"function":{"name":"api"},"message":"[runtime-status] [29384] Attempting to listen to socketPath: \\\\?\\pipe\\D:\\Coding\\ReactJS\\amazon-clone-final\\functions\\29384"}}
[debug] [2021-01-02T13:34:55.917Z] [functions] Runtime ready! Sending request! {"metadata":{"emulator":{"name":"functions"},"message":"[functions] Runtime ready! Sending request!"}}
[debug] [2021-01-02T13:34:55.928Z] [runtime-status] [29384] Ephemeral server handling GET request {"metadata":{"emulator":{"name":"functions"},"function":{"name":"api"},"message":"[runtime-status] [29384] Ephemeral server handling GET request"}}
[debug] [2021-01-02T13:34:55.933Z] [runtime-status] [29384] Ephemeral server survived. {"metadata":{"emulator":{"name":"functions"},"function":{"name":"api"},"message":"[runtime-status] [29384] Ephemeral server survived."}}
[info] i  functions: Finished "api" in ~1s {"metadata":{"emulator":{"name":"functions"},"function":{"name":"api"},"message":"Finished \"api\" in ~1s"}}
[debug] [2021-01-02T13:34:55.934Z] [worker-api-8be8306e-854d-41c7-8ec8-8376bbb61daf]: IDLE {"metadata":{"emulator":{"name":"functions"},"message":"[worker-api-8be8306e-854d-41c7-8ec8-8376bbb61daf]: IDLE"}}
[debug] [2021-01-02T13:34:55.935Z] [work-queue] {"queueLength":0,"workRunningCount":0}
[debug] [2021-01-02T13:34:56.055Z] Functions emulator received unknown request at path /favicon.ico
[debug] [2021-01-02T14:10:34.727Z] [worker-api-8be8306e-854d-41c7-8ec8-8376bbb61daf]: exited {"metadata":{"emulator":{"name":"functions"},"message":"[worker-api-8be8306e-854d-41c7-8ec8-8376bbb61daf]: exited"}}
[debug] [2021-01-02T14:10:34.728Z] [worker-api-8be8306e-854d-41c7-8ec8-8376bbb61daf]: FINISHED {"metadata":{"emulator":{"name":"functions"},"message":"[worker-api-8be8306e-854d-41c7-8ec8-8376bbb61daf]: FINISHED"}}
[debug] [2021-01-02T14:10:34.731Z] [worker-~diagnostic~-57bce40a-cd39-462c-b67a-2a16ce06bc8a]: exited {"metadata":{"emulator":{"name":"functions"},"message":"[worker-~diagnostic~-57bce40a-cd39-462c-b67a-2a16ce06bc8a]: exited"}}
