[debug] [2021-01-01T04:29:59.891Z] ----------------------------------------------------------------------
[debug] [2021-01-01T04:29:59.892Z] Command:       C:\Program Files\nodejs\node.exe C:\Users\pc\AppData\Roaming\npm\node_modules\firebase-tools\lib\bin\firebase.js emulators:start
[debug] [2021-01-01T04:29:59.893Z] CLI Version:   9.0.1
[debug] [2021-01-01T04:29:59.893Z] Platform:      win32
[debug] [2021-01-01T04:29:59.893Z] Node Version:  v14.15.2
[debug] [2021-01-01T04:29:59.893Z] Time:          Fri Jan 01 2021 09:59:59 GMT+0530 (India Standard Time)
[debug] [2021-01-01T04:29:59.893Z] ----------------------------------------------------------------------
[debug] [2021-01-01T04:29:59.894Z] 
[debug] [2021-01-01T04:29:59.900Z] > command requires scopes: ["email","openid","https://www.googleapis.com/auth/cloudplatformprojects.readonly","https://www.googleapis.com/auth/firebase","https://www.googleapis.com/auth/cloud-platform"]
[debug] [2021-01-01T04:29:59.900Z] > authorizing via signed-in user
[info] i  emulators: Starting emulators: functions, hosting {"metadata":{"emulator":{"name":"hub"},"message":"Starting emulators: functions, hosting"}}
[debug] [2021-01-01T04:29:59.920Z] [hub] writing locator at C:\Users\pc\AppData\Local\Temp\hub-challenge-7e003.json
[warn] !  functions: The following emulators are not running, calls to these services from the Functions emulator will affect production: auth, firestore, database, pubsub {"metadata":{"emulator":{"name":"functions"},"message":"The following emulators are not running, calls to these services from the Functions emulator will affect production: \u001b[1mauth, firestore, database, pubsub\u001b[22m"}}
[warn] !  Your requested "node" version "12" doesn't match your global version "14" {"metadata":{"emulator":{"name":"functions"},"message":"Your requested \"node\" version \"12\" doesn't match your global version \"14\""}}
[debug] [2021-01-01T04:29:59.961Z] defaultcredentials: writing to file C:\Users\pc\AppData\Roaming\firebase\kishanpitaliya_gmail_com_application_default_credentials.json
[debug] [2021-01-01T04:29:59.964Z] Setting GAC to C:\Users\pc\AppData\Roaming\firebase\kishanpitaliya_gmail_com_application_default_credentials.json {"metadata":{"emulator":{"name":"functions"},"message":"Setting GAC to C:\\Users\\pc\\AppData\\Roaming\\firebase\\kishanpitaliya_gmail_com_application_default_credentials.json"}}
[debug] [2021-01-01T04:30:00.237Z] > refreshing access token with scopes: ["email","https://www.googleapis.com/auth/cloud-platform","https://www.googleapis.com/auth/cloudplatformprojects.readonly","https://www.googleapis.com/auth/firebase","openid"]
[debug] [2021-01-01T04:30:00.237Z] >>> HTTP REQUEST POST https://www.googleapis.com/oauth2/v3/token  
 <request body omitted>
[debug] [2021-01-01T04:30:01.201Z] <<< HTTP RESPONSE 200 {"pragma":"no-cache","expires":"Mon, 01 Jan 1990 00:00:00 GMT","cache-control":"no-cache, no-store, max-age=0, must-revalidate","date":"Fri, 01 Jan 2021 04:30:01 GMT","content-type":"application/json; charset=utf-8","vary":"X-Origin, Referer, Origin,Accept-Encoding","server":"scaffolding on HTTPServer2","x-xss-protection":"0","x-frame-options":"SAMEORIGIN","x-content-type-options":"nosniff","alt-svc":"h3-29=\":443\"; ma=2592000,h3-T051=\":443\"; ma=2592000,h3-Q050=\":443\"; ma=2592000,h3-Q046=\":443\"; ma=2592000,h3-Q043=\":443\"; ma=2592000,quic=\":443\"; ma=2592000; v=\"46,43\"","accept-ranges":"none","transfer-encoding":"chunked"}
[debug] [2021-01-01T04:30:01.206Z] >>> HTTP REQUEST GET https://firebase.googleapis.com/v1beta1/projects/challenge-7e003/webApps/-/config  
 
[debug] [2021-01-01T04:30:02.719Z] <<< HTTP RESPONSE 200 {"content-type":"application/json; charset=UTF-8","vary":"X-Origin, Referer, Origin,Accept-Encoding","date":"Fri, 01 Jan 2021 04:30:03 GMT","server":"ESF","cache-control":"private","x-xss-protection":"0","x-frame-options":"SAMEORIGIN","x-content-type-options":"nosniff","alt-svc":"h3-29=\":443\"; ma=2592000,h3-T051=\":443\"; ma=2592000,h3-Q050=\":443\"; ma=2592000,h3-Q046=\":443\"; ma=2592000,h3-Q043=\":443\"; ma=2592000,quic=\":443\"; ma=2592000; v=\"46,43\"","accept-ranges":"none","transfer-encoding":"chunked"}
[info] i  hosting: Serving hosting files from: build {"metadata":{"emulator":{"name":"hosting"},"message":"Serving hosting files from: \u001b[1mbuild\u001b[22m"}}
[info] +  hosting: Local server: http://localhost:5000 {"metadata":{"emulator":{"name":"hosting"},"message":"Local server: \u001b[4m\u001b[1mhttp://localhost:5000\u001b[22m\u001b[24m"}}
[debug] [2021-01-01T04:30:02.756Z] Ignoring unsupported arg: auto_download {"metadata":{"emulator":{"name":"ui"},"message":"Ignoring unsupported arg: auto_download"}}
[debug] [2021-01-01T04:30:02.756Z] Ignoring unsupported arg: port {"metadata":{"emulator":{"name":"ui"},"message":"Ignoring unsupported arg: port"}}
[debug] [2021-01-01T04:30:02.756Z] Starting Emulator UI with command {"binary":"node","args":["C:\\Users\\pc\\.cache\\firebase\\emulators\\ui-v1.4.0\\server.bundle.js"],"optionalArgs":[],"joinArgs":false} {"metadata":{"emulator":{"name":"ui"},"message":"Starting Emulator UI with command {\"binary\":\"node\",\"args\":[\"C:\\\\Users\\\\pc\\\\.cache\\\\firebase\\\\emulators\\\\ui-v1.4.0\\\\server.bundle.js\"],\"optionalArgs\":[],\"joinArgs\":false}"}}
[info] i  ui: Emulator UI logging to ui-debug.log {"metadata":{"emulator":{"name":"ui"},"message":"Emulator UI logging to \u001b[1mui-debug.log\u001b[22m"}}
[debug] [2021-01-01T04:30:02.900Z] Web / API server started at http://localhost:4000
 {"metadata":{"emulator":{"name":"ui"},"message":"Web / API server started at http://localhost:4000\n"}}
[info] i  functions: Watching "D:\Coding\ReactJS\amazon-clone-final\functions" for Cloud Functions... {"metadata":{"emulator":{"name":"functions"},"message":"Watching \"D:\\Coding\\ReactJS\\amazon-clone-final\\functions\" for Cloud Functions..."}}
[debug] [2021-01-01T04:30:03.090Z] [worker-pool] addWorker(~diagnostic~) {"metadata":{"emulator":{"name":"functions"},"message":"[worker-pool] addWorker(~diagnostic~)"}}
[debug] [2021-01-01T04:30:03.090Z] [worker-pool] Adding worker with key ~diagnostic~, total=1 {"metadata":{"emulator":{"name":"functions"},"message":"[worker-pool] Adding worker with key ~diagnostic~, total=1"}}
[debug] [2021-01-01T04:30:03.090Z] [worker-pool] submitWork(triggerId=) {"metadata":{"emulator":{"name":"functions"},"message":"[worker-pool] submitWork(triggerId=)"}}
[debug] [2021-01-01T04:30:03.091Z] [worker-~diagnostic~-9babb934-4bb6-4590-825d-d02f5ef8fcc9]: Assigning socketPath: \\?\pipe\D:\Coding\ReactJS\amazon-clone-final\functions\20228 {"metadata":{"emulator":{"name":"functions"},"message":"[worker-~diagnostic~-9babb934-4bb6-4590-825d-d02f5ef8fcc9]: Assigning socketPath: \\\\?\\pipe\\D:\\Coding\\ReactJS\\amazon-clone-final\\functions\\20228"}}
[debug] [2021-01-01T04:30:03.091Z] [worker-~diagnostic~-9babb934-4bb6-4590-825d-d02f5ef8fcc9]: BUSY {"metadata":{"emulator":{"name":"functions"},"message":"[worker-~diagnostic~-9babb934-4bb6-4590-825d-d02f5ef8fcc9]: BUSY"}}
[debug] [2021-01-01T04:30:03.246Z] [runtime-status] [20228] Functions runtime initialized. {"cwd":"D:\\Coding\\ReactJS\\amazon-clone-final\\functions","node_version":"14.15.2"} {"metadata":{"emulator":{"name":"functions"},"message":"[runtime-status] [20228] Functions runtime initialized. {\"cwd\":\"D:\\\\Coding\\\\ReactJS\\\\amazon-clone-final\\\\functions\",\"node_version\":\"14.15.2\"}"}}
[debug] [2021-01-01T04:30:03.247Z] [runtime-status] [20228] Disabled runtime features: undefined {"metadata":{"emulator":{"name":"functions"},"message":"[runtime-status] [20228] Disabled runtime features: undefined"}}
[debug] [2021-01-01T04:30:03.423Z] [runtime-status] [20228] Resolved module firebase-admin {"declared":true,"installed":true,"version":"9.4.2","resolution":"D:\\Coding\\ReactJS\\amazon-clone-final\\functions\\node_modules\\firebase-admin\\lib\\index.js"} {"metadata":{"emulator":{"name":"functions"},"message":"[runtime-status] [20228] Resolved module firebase-admin {\"declared\":true,\"installed\":true,\"version\":\"9.4.2\",\"resolution\":\"D:\\\\Coding\\\\ReactJS\\\\amazon-clone-final\\\\functions\\\\node_modules\\\\firebase-admin\\\\lib\\\\index.js\"}"}}
[debug] [2021-01-01T04:30:03.578Z] [runtime-status] [20228] Resolved module firebase-functions {"declared":true,"installed":true,"version":"3.13.0","resolution":"D:\\Coding\\ReactJS\\amazon-clone-final\\functions\\node_modules\\firebase-functions\\lib\\index.js"} {"metadata":{"emulator":{"name":"functions"},"message":"[runtime-status] [20228] Resolved module firebase-functions {\"declared\":true,\"installed\":true,\"version\":\"3.13.0\",\"resolution\":\"D:\\\\Coding\\\\ReactJS\\\\amazon-clone-final\\\\functions\\\\node_modules\\\\firebase-functions\\\\lib\\\\index.js\"}"}}
[debug] [2021-01-01T04:30:03.580Z] [runtime-status] [20228] Resolved module firebase-functions {"declared":true,"installed":true,"version":"3.13.0","resolution":"D:\\Coding\\ReactJS\\amazon-clone-final\\functions\\node_modules\\firebase-functions\\lib\\index.js"} {"metadata":{"emulator":{"name":"functions"},"message":"[runtime-status] [20228] Resolved module firebase-functions {\"declared\":true,\"installed\":true,\"version\":\"3.13.0\",\"resolution\":\"D:\\\\Coding\\\\ReactJS\\\\amazon-clone-final\\\\functions\\\\node_modules\\\\firebase-functions\\\\lib\\\\index.js\"}"}}
[debug] [2021-01-01T04:30:03.581Z] [runtime-status] [20228] Outgoing network have been stubbed. [{"name":"http","status":"mocked"},{"name":"http","status":"mocked"},{"name":"https","status":"mocked"},{"name":"https","status":"mocked"},{"name":"net","status":"mocked"}] {"metadata":{"emulator":{"name":"functions"},"message":"[runtime-status] [20228] Outgoing network have been stubbed. [{\"name\":\"http\",\"status\":\"mocked\"},{\"name\":\"http\",\"status\":\"mocked\"},{\"name\":\"https\",\"status\":\"mocked\"},{\"name\":\"https\",\"status\":\"mocked\"},{\"name\":\"net\",\"status\":\"mocked\"}]"}}
[debug] [2021-01-01T04:30:03.582Z] [runtime-status] [20228] Resolved module firebase-functions {"declared":true,"installed":true,"version":"3.13.0","resolution":"D:\\Coding\\ReactJS\\amazon-clone-final\\functions\\node_modules\\firebase-functions\\lib\\index.js"} {"metadata":{"emulator":{"name":"functions"},"message":"[runtime-status] [20228] Resolved module firebase-functions {\"declared\":true,\"installed\":true,\"version\":\"3.13.0\",\"resolution\":\"D:\\\\Coding\\\\ReactJS\\\\amazon-clone-final\\\\functions\\\\node_modules\\\\firebase-functions\\\\lib\\\\index.js\"}"}}
[debug] [2021-01-01T04:30:04.390Z] [runtime-status] [20228] Checked functions.config() {"config":{}} {"metadata":{"emulator":{"name":"functions"},"message":"[runtime-status] [20228] Checked functions.config() {\"config\":{}}"}}
[debug] [2021-01-01T04:30:04.390Z] [runtime-status] [20228] firebase-functions has been stubbed. {"functionsResolution":{"declared":true,"installed":true,"version":"3.13.0","resolution":"D:\\Coding\\ReactJS\\amazon-clone-final\\functions\\node_modules\\firebase-functions\\lib\\index.js"}} {"metadata":{"emulator":{"name":"functions"},"message":"[runtime-status] [20228] firebase-functions has been stubbed. {\"functionsResolution\":{\"declared\":true,\"installed\":true,\"version\":\"3.13.0\",\"resolution\":\"D:\\\\Coding\\\\ReactJS\\\\amazon-clone-final\\\\functions\\\\node_modules\\\\firebase-functions\\\\lib\\\\index.js\"}}"}}
[debug] [2021-01-01T04:30:04.391Z] [runtime-status] [20228] Resolved module firebase-functions {"declared":true,"installed":true,"version":"3.13.0","resolution":"D:\\Coding\\ReactJS\\amazon-clone-final\\functions\\node_modules\\firebase-functions\\lib\\index.js"} {"metadata":{"emulator":{"name":"functions"},"message":"[runtime-status] [20228] Resolved module firebase-functions {\"declared\":true,\"installed\":true,\"version\":\"3.13.0\",\"resolution\":\"D:\\\\Coding\\\\ReactJS\\\\amazon-clone-final\\\\functions\\\\node_modules\\\\firebase-functions\\\\lib\\\\index.js\"}"}}
[debug] [2021-01-01T04:30:04.392Z] [runtime-status] [20228] Resolved module firebase-admin {"declared":true,"installed":true,"version":"9.4.2","resolution":"D:\\Coding\\ReactJS\\amazon-clone-final\\functions\\node_modules\\firebase-admin\\lib\\index.js"} {"metadata":{"emulator":{"name":"functions"},"message":"[runtime-status] [20228] Resolved module firebase-admin {\"declared\":true,\"installed\":true,\"version\":\"9.4.2\",\"resolution\":\"D:\\\\Coding\\\\ReactJS\\\\amazon-clone-final\\\\functions\\\\node_modules\\\\firebase-admin\\\\lib\\\\index.js\"}"}}
[debug] [2021-01-01T04:30:04.392Z] [runtime-status] [20228] Resolved module firebase-functions {"declared":true,"installed":true,"version":"3.13.0","resolution":"D:\\Coding\\ReactJS\\amazon-clone-final\\functions\\node_modules\\firebase-functions\\lib\\index.js"} {"metadata":{"emulator":{"name":"functions"},"message":"[runtime-status] [20228] Resolved module firebase-functions {\"declared\":true,\"installed\":true,\"version\":\"3.13.0\",\"resolution\":\"D:\\\\Coding\\\\ReactJS\\\\amazon-clone-final\\\\functions\\\\node_modules\\\\firebase-functions\\\\lib\\\\index.js\"}"}}
[debug] [2021-01-01T04:30:04.392Z] [runtime-status] [20228] firebase-admin has been stubbed. {"adminResolution":{"declared":true,"installed":true,"version":"9.4.2","resolution":"D:\\Coding\\ReactJS\\amazon-clone-final\\functions\\node_modules\\firebase-admin\\lib\\index.js"}} {"metadata":{"emulator":{"name":"functions"},"message":"[runtime-status] [20228] firebase-admin has been stubbed. {\"adminResolution\":{\"declared\":true,\"installed\":true,\"version\":\"9.4.2\",\"resolution\":\"D:\\\\Coding\\\\ReactJS\\\\amazon-clone-final\\\\functions\\\\node_modules\\\\firebase-admin\\\\lib\\\\index.js\"}}"}}
[info] +  functions[api]: http function initialized (http://localhost:5001/challenge-7e003/us-central1/api). {"metadata":{"emulator":{"name":"functions"},"message":"\u001b[1mhttp\u001b[22m function initialized (http://localhost:5001/challenge-7e003/us-central1/api)."}}
[info] 
┌─────────────────────────────────────────────────────────────┐
│ ✔  All emulators ready! It is now safe to connect your app. │
│ i  View Emulator UI at http://localhost:4000                │
└─────────────────────────────────────────────────────────────┘

┌───────────┬────────────────┬─────────────────────────────────┐
│ Emulator  │ Host:Port      │ View in Emulator UI             │
├───────────┼────────────────┼─────────────────────────────────┤
│ Functions │ localhost:5001 │ http://localhost:4000/functions │
├───────────┼────────────────┼─────────────────────────────────┤
│ Hosting   │ localhost:5000 │ n/a                             │
└───────────┴────────────────┴─────────────────────────────────┘
  Emulator Hub running at localhost:4400
  Other reserved ports: 4500

Issues? Report them at https://github.com/firebase/firebase-tools/issues and attach the *-debug.log files.
 
[debug] [2021-01-01T04:30:07.192Z] [worker-~diagnostic~-9babb934-4bb6-4590-825d-d02f5ef8fcc9]: IDLE {"metadata":{"emulator":{"name":"functions"},"message":"[worker-~diagnostic~-9babb934-4bb6-4590-825d-d02f5ef8fcc9]: IDLE"}}
[debug] [2021-01-01T04:30:40.616Z] [work-queue] {"queueLength":1,"workRunningCount":0}
[debug] [2021-01-01T04:30:40.617Z] [work-queue] {"queueLength":0,"workRunningCount":1}
[debug] [2021-01-01T04:30:40.618Z] Accepted request OPTIONS /challenge-7e003/us-central1/api/payments/create?total=150 --> api
[debug] [2021-01-01T04:30:40.625Z] [worker-pool] addWorker(api) {"metadata":{"emulator":{"name":"functions"},"message":"[worker-pool] addWorker(api)"}}
[debug] [2021-01-01T04:30:40.625Z] [worker-pool] Adding worker with key api, total=1 {"metadata":{"emulator":{"name":"functions"},"message":"[worker-pool] Adding worker with key api, total=1"}}
[debug] [2021-01-01T04:30:40.625Z] [worker-pool] submitWork(triggerId=api) {"metadata":{"emulator":{"name":"functions"},"message":"[worker-pool] submitWork(triggerId=api)"}}
[debug] [2021-01-01T04:30:40.625Z] [worker-api-a42a334f-dd55-4c0f-8a62-cf8677358eab]: Assigning socketPath: \\?\pipe\D:\Coding\ReactJS\amazon-clone-final\functions\24160 {"metadata":{"emulator":{"name":"functions"},"message":"[worker-api-a42a334f-dd55-4c0f-8a62-cf8677358eab]: Assigning socketPath: \\\\?\\pipe\\D:\\Coding\\ReactJS\\amazon-clone-final\\functions\\24160"}}
[debug] [2021-01-01T04:30:40.625Z] [worker-api-a42a334f-dd55-4c0f-8a62-cf8677358eab]: BUSY {"metadata":{"emulator":{"name":"functions"},"message":"[worker-api-a42a334f-dd55-4c0f-8a62-cf8677358eab]: BUSY"}}
[debug] [2021-01-01T04:30:40.790Z] [runtime-status] [24160] Functions runtime initialized. {"cwd":"D:\\Coding\\ReactJS\\amazon-clone-final\\functions","node_version":"14.15.2"} {"metadata":{"emulator":{"name":"functions"},"function":{"name":"api"},"message":"[runtime-status] [24160] Functions runtime initialized. {\"cwd\":\"D:\\\\Coding\\\\ReactJS\\\\amazon-clone-final\\\\functions\",\"node_version\":\"14.15.2\"}"}}
[debug] [2021-01-01T04:30:40.792Z] [runtime-status] [24160] Disabled runtime features: undefined {"metadata":{"emulator":{"name":"functions"},"function":{"name":"api"},"message":"[runtime-status] [24160] Disabled runtime features: undefined"}}
[debug] [2021-01-01T04:30:40.796Z] [runtime-status] [24160] Resolved module firebase-admin {"declared":true,"installed":true,"version":"9.4.2","resolution":"D:\\Coding\\ReactJS\\amazon-clone-final\\functions\\node_modules\\firebase-admin\\lib\\index.js"} {"metadata":{"emulator":{"name":"functions"},"function":{"name":"api"},"message":"[runtime-status] [24160] Resolved module firebase-admin {\"declared\":true,\"installed\":true,\"version\":\"9.4.2\",\"resolution\":\"D:\\\\Coding\\\\ReactJS\\\\amazon-clone-final\\\\functions\\\\node_modules\\\\firebase-admin\\\\lib\\\\index.js\"}"}}
[debug] [2021-01-01T04:30:40.797Z] [runtime-status] [24160] Resolved module firebase-functions {"declared":true,"installed":true,"version":"3.13.0","resolution":"D:\\Coding\\ReactJS\\amazon-clone-final\\functions\\node_modules\\firebase-functions\\lib\\index.js"} {"metadata":{"emulator":{"name":"functions"},"function":{"name":"api"},"message":"[runtime-status] [24160] Resolved module firebase-functions {\"declared\":true,\"installed\":true,\"version\":\"3.13.0\",\"resolution\":\"D:\\\\Coding\\\\ReactJS\\\\amazon-clone-final\\\\functions\\\\node_modules\\\\firebase-functions\\\\lib\\\\index.js\"}"}}
[debug] [2021-01-01T04:30:40.798Z] [runtime-status] [24160] Resolved module firebase-functions {"declared":true,"installed":true,"version":"3.13.0","resolution":"D:\\Coding\\ReactJS\\amazon-clone-final\\functions\\node_modules\\firebase-functions\\lib\\index.js"} {"metadata":{"emulator":{"name":"functions"},"function":{"name":"api"},"message":"[runtime-status] [24160] Resolved module firebase-functions {\"declared\":true,\"installed\":true,\"version\":\"3.13.0\",\"resolution\":\"D:\\\\Coding\\\\ReactJS\\\\amazon-clone-final\\\\functions\\\\node_modules\\\\firebase-functions\\\\lib\\\\index.js\"}"}}
[debug] [2021-01-01T04:30:40.800Z] [runtime-status] [24160] Outgoing network have been stubbed. [{"name":"http","status":"mocked"},{"name":"http","status":"mocked"},{"name":"https","status":"mocked"},{"name":"https","status":"mocked"},{"name":"net","status":"mocked"}] {"metadata":{"emulator":{"name":"functions"},"function":{"name":"api"},"message":"[runtime-status] [24160] Outgoing network have been stubbed. [{\"name\":\"http\",\"status\":\"mocked\"},{\"name\":\"http\",\"status\":\"mocked\"},{\"name\":\"https\",\"status\":\"mocked\"},{\"name\":\"https\",\"status\":\"mocked\"},{\"name\":\"net\",\"status\":\"mocked\"}]"}}
[debug] [2021-01-01T04:30:40.800Z] [runtime-status] [24160] Resolved module firebase-functions {"declared":true,"installed":true,"version":"3.13.0","resolution":"D:\\Coding\\ReactJS\\amazon-clone-final\\functions\\node_modules\\firebase-functions\\lib\\index.js"} {"metadata":{"emulator":{"name":"functions"},"function":{"name":"api"},"message":"[runtime-status] [24160] Resolved module firebase-functions {\"declared\":true,\"installed\":true,\"version\":\"3.13.0\",\"resolution\":\"D:\\\\Coding\\\\ReactJS\\\\amazon-clone-final\\\\functions\\\\node_modules\\\\firebase-functions\\\\lib\\\\index.js\"}"}}
[debug] [2021-01-01T04:30:40.834Z] [runtime-status] [24160] Checked functions.config() {"config":{}} {"metadata":{"emulator":{"name":"functions"},"function":{"name":"api"},"message":"[runtime-status] [24160] Checked functions.config() {\"config\":{}}"}}
[debug] [2021-01-01T04:30:40.835Z] [runtime-status] [24160] firebase-functions has been stubbed. {"functionsResolution":{"declared":true,"installed":true,"version":"3.13.0","resolution":"D:\\Coding\\ReactJS\\amazon-clone-final\\functions\\node_modules\\firebase-functions\\lib\\index.js"}} {"metadata":{"emulator":{"name":"functions"},"function":{"name":"api"},"message":"[runtime-status] [24160] firebase-functions has been stubbed. {\"functionsResolution\":{\"declared\":true,\"installed\":true,\"version\":\"3.13.0\",\"resolution\":\"D:\\\\Coding\\\\ReactJS\\\\amazon-clone-final\\\\functions\\\\node_modules\\\\firebase-functions\\\\lib\\\\index.js\"}}"}}
[debug] [2021-01-01T04:30:40.835Z] [runtime-status] [24160] Resolved module firebase-functions {"declared":true,"installed":true,"version":"3.13.0","resolution":"D:\\Coding\\ReactJS\\amazon-clone-final\\functions\\node_modules\\firebase-functions\\lib\\index.js"} {"metadata":{"emulator":{"name":"functions"},"function":{"name":"api"},"message":"[runtime-status] [24160] Resolved module firebase-functions {\"declared\":true,\"installed\":true,\"version\":\"3.13.0\",\"resolution\":\"D:\\\\Coding\\\\ReactJS\\\\amazon-clone-final\\\\functions\\\\node_modules\\\\firebase-functions\\\\lib\\\\index.js\"}"}}
[debug] [2021-01-01T04:30:40.836Z] [runtime-status] [24160] Resolved module firebase-admin {"declared":true,"installed":true,"version":"9.4.2","resolution":"D:\\Coding\\ReactJS\\amazon-clone-final\\functions\\node_modules\\firebase-admin\\lib\\index.js"} {"metadata":{"emulator":{"name":"functions"},"function":{"name":"api"},"message":"[runtime-status] [24160] Resolved module firebase-admin {\"declared\":true,\"installed\":true,\"version\":\"9.4.2\",\"resolution\":\"D:\\\\Coding\\\\ReactJS\\\\amazon-clone-final\\\\functions\\\\node_modules\\\\firebase-admin\\\\lib\\\\index.js\"}"}}
[debug] [2021-01-01T04:30:40.836Z] [runtime-status] [24160] Resolved module firebase-functions {"declared":true,"installed":true,"version":"3.13.0","resolution":"D:\\Coding\\ReactJS\\amazon-clone-final\\functions\\node_modules\\firebase-functions\\lib\\index.js"} {"metadata":{"emulator":{"name":"functions"},"function":{"name":"api"},"message":"[runtime-status] [24160] Resolved module firebase-functions {\"declared\":true,\"installed\":true,\"version\":\"3.13.0\",\"resolution\":\"D:\\\\Coding\\\\ReactJS\\\\amazon-clone-final\\\\functions\\\\node_modules\\\\firebase-functions\\\\lib\\\\index.js\"}"}}
[debug] [2021-01-01T04:30:40.836Z] [runtime-status] [24160] firebase-admin has been stubbed. {"adminResolution":{"declared":true,"installed":true,"version":"9.4.2","resolution":"D:\\Coding\\ReactJS\\amazon-clone-final\\functions\\node_modules\\firebase-admin\\lib\\index.js"}} {"metadata":{"emulator":{"name":"functions"},"function":{"name":"api"},"message":"[runtime-status] [24160] firebase-admin has been stubbed. {\"adminResolution\":{\"declared\":true,\"installed\":true,\"version\":\"9.4.2\",\"resolution\":\"D:\\\\Coding\\\\ReactJS\\\\amazon-clone-final\\\\functions\\\\node_modules\\\\firebase-admin\\\\lib\\\\index.js\"}}"}}
[debug] [2021-01-01T04:30:40.951Z] [runtime-status] [24160] Trigger "api" has been found, beginning invocation! {"metadata":{"emulator":{"name":"functions"},"function":{"name":"api"},"message":"[runtime-status] [24160] Trigger \"api\" has been found, beginning invocation!"}}
[info] i  functions: Beginning execution of "api" {"metadata":{"emulator":{"name":"functions"},"function":{"name":"api"},"message":"Beginning execution of \"api\""}}
[debug] [2021-01-01T04:30:40.952Z] [runtime-status] [24160] triggerDefinition {"httpsTrigger":{},"name":"api","entryPoint":"api"} {"metadata":{"emulator":{"name":"functions"},"function":{"name":"api"},"message":"[runtime-status] [24160] triggerDefinition {\"httpsTrigger\":{},\"name\":\"api\",\"entryPoint\":\"api\"}"}}
[debug] [2021-01-01T04:30:40.952Z] [runtime-status] [24160] Running api in mode HTTPS {"metadata":{"emulator":{"name":"functions"},"function":{"name":"api"},"message":"[runtime-status] [24160] Running api in mode HTTPS"}}
[debug] [2021-01-01T04:30:40.954Z] [runtime-status] [24160] Attempting to listen to socketPath: \\?\pipe\D:\Coding\ReactJS\amazon-clone-final\functions\24160 {"metadata":{"emulator":{"name":"functions"},"function":{"name":"api"},"message":"[runtime-status] [24160] Attempting to listen to socketPath: \\\\?\\pipe\\D:\\Coding\\ReactJS\\amazon-clone-final\\functions\\24160"}}
[debug] [2021-01-01T04:30:40.958Z] [functions] Runtime ready! Sending request! {"metadata":{"emulator":{"name":"functions"},"message":"[functions] Runtime ready! Sending request!"}}
[debug] [2021-01-01T04:30:40.966Z] [runtime-status] [24160] Ephemeral server handling OPTIONS request {"metadata":{"emulator":{"name":"functions"},"function":{"name":"api"},"message":"[runtime-status] [24160] Ephemeral server handling OPTIONS request"}}
[debug] [2021-01-01T04:30:40.971Z] [runtime-status] [24160] Ephemeral server survived. {"metadata":{"emulator":{"name":"functions"},"function":{"name":"api"},"message":"[runtime-status] [24160] Ephemeral server survived."}}
[debug] [2021-01-01T04:30:40.974Z] [work-queue] {"queueLength":1,"workRunningCount":1}
[debug] [2021-01-01T04:30:40.975Z] [work-queue] {"queueLength":0,"workRunningCount":2}
[debug] [2021-01-01T04:30:40.975Z] Accepted request POST /challenge-7e003/us-central1/api/payments/create?total=150 --> api
[debug] [2021-01-01T04:30:40.988Z] [worker-pool] addWorker(api) {"metadata":{"emulator":{"name":"functions"},"message":"[worker-pool] addWorker(api)"}}
[debug] [2021-01-01T04:30:40.988Z] [worker-pool] Adding worker with key api, total=2 {"metadata":{"emulator":{"name":"functions"},"message":"[worker-pool] Adding worker with key api, total=2"}}
[debug] [2021-01-01T04:30:40.988Z] [worker-pool] submitWork(triggerId=api) {"metadata":{"emulator":{"name":"functions"},"message":"[worker-pool] submitWork(triggerId=api)"}}
[debug] [2021-01-01T04:30:40.988Z] [worker-api-36cca36e-6278-4b33-a9dd-a0cd5aa7fb11]: Assigning socketPath: \\?\pipe\D:\Coding\ReactJS\amazon-clone-final\functions\12760 {"metadata":{"emulator":{"name":"functions"},"message":"[worker-api-36cca36e-6278-4b33-a9dd-a0cd5aa7fb11]: Assigning socketPath: \\\\?\\pipe\\D:\\Coding\\ReactJS\\amazon-clone-final\\functions\\12760"}}
[debug] [2021-01-01T04:30:40.988Z] [worker-api-36cca36e-6278-4b33-a9dd-a0cd5aa7fb11]: BUSY {"metadata":{"emulator":{"name":"functions"},"message":"[worker-api-36cca36e-6278-4b33-a9dd-a0cd5aa7fb11]: BUSY"}}
[info] i  functions: Finished "api" in ~1s {"metadata":{"emulator":{"name":"functions"},"function":{"name":"api"},"message":"Finished \"api\" in ~1s"}}
[debug] [2021-01-01T04:30:40.989Z] [worker-api-a42a334f-dd55-4c0f-8a62-cf8677358eab]: IDLE {"metadata":{"emulator":{"name":"functions"},"message":"[worker-api-a42a334f-dd55-4c0f-8a62-cf8677358eab]: IDLE"}}
[debug] [2021-01-01T04:30:40.990Z] [work-queue] {"queueLength":0,"workRunningCount":1}
[debug] [2021-01-01T04:30:41.152Z] [runtime-status] [12760] Functions runtime initialized. {"cwd":"D:\\Coding\\ReactJS\\amazon-clone-final\\functions","node_version":"14.15.2"} {"metadata":{"emulator":{"name":"functions"},"function":{"name":"api"},"message":"[runtime-status] [12760] Functions runtime initialized. {\"cwd\":\"D:\\\\Coding\\\\ReactJS\\\\amazon-clone-final\\\\functions\",\"node_version\":\"14.15.2\"}"}}
[debug] [2021-01-01T04:30:41.153Z] [runtime-status] [12760] Disabled runtime features: undefined {"metadata":{"emulator":{"name":"functions"},"function":{"name":"api"},"message":"[runtime-status] [12760] Disabled runtime features: undefined"}}
[debug] [2021-01-01T04:30:41.156Z] [runtime-status] [12760] Resolved module firebase-admin {"declared":true,"installed":true,"version":"9.4.2","resolution":"D:\\Coding\\ReactJS\\amazon-clone-final\\functions\\node_modules\\firebase-admin\\lib\\index.js"} {"metadata":{"emulator":{"name":"functions"},"function":{"name":"api"},"message":"[runtime-status] [12760] Resolved module firebase-admin {\"declared\":true,\"installed\":true,\"version\":\"9.4.2\",\"resolution\":\"D:\\\\Coding\\\\ReactJS\\\\amazon-clone-final\\\\functions\\\\node_modules\\\\firebase-admin\\\\lib\\\\index.js\"}"}}
[debug] [2021-01-01T04:30:41.156Z] [runtime-status] [12760] Resolved module firebase-functions {"declared":true,"installed":true,"version":"3.13.0","resolution":"D:\\Coding\\ReactJS\\amazon-clone-final\\functions\\node_modules\\firebase-functions\\lib\\index.js"} {"metadata":{"emulator":{"name":"functions"},"function":{"name":"api"},"message":"[runtime-status] [12760] Resolved module firebase-functions {\"declared\":true,\"installed\":true,\"version\":\"3.13.0\",\"resolution\":\"D:\\\\Coding\\\\ReactJS\\\\amazon-clone-final\\\\functions\\\\node_modules\\\\firebase-functions\\\\lib\\\\index.js\"}"}}
[debug] [2021-01-01T04:30:41.158Z] [runtime-status] [12760] Resolved module firebase-functions {"declared":true,"installed":true,"version":"3.13.0","resolution":"D:\\Coding\\ReactJS\\amazon-clone-final\\functions\\node_modules\\firebase-functions\\lib\\index.js"} {"metadata":{"emulator":{"name":"functions"},"function":{"name":"api"},"message":"[runtime-status] [12760] Resolved module firebase-functions {\"declared\":true,\"installed\":true,\"version\":\"3.13.0\",\"resolution\":\"D:\\\\Coding\\\\ReactJS\\\\amazon-clone-final\\\\functions\\\\node_modules\\\\firebase-functions\\\\lib\\\\index.js\"}"}}
[debug] [2021-01-01T04:30:41.161Z] [runtime-status] [12760] Outgoing network have been stubbed. [{"name":"http","status":"mocked"},{"name":"http","status":"mocked"},{"name":"https","status":"mocked"},{"name":"https","status":"mocked"},{"name":"net","status":"mocked"}] {"metadata":{"emulator":{"name":"functions"},"function":{"name":"api"},"message":"[runtime-status] [12760] Outgoing network have been stubbed. [{\"name\":\"http\",\"status\":\"mocked\"},{\"name\":\"http\",\"status\":\"mocked\"},{\"name\":\"https\",\"status\":\"mocked\"},{\"name\":\"https\",\"status\":\"mocked\"},{\"name\":\"net\",\"status\":\"mocked\"}]"}}
[debug] [2021-01-01T04:30:41.161Z] [runtime-status] [12760] Resolved module firebase-functions {"declared":true,"installed":true,"version":"3.13.0","resolution":"D:\\Coding\\ReactJS\\amazon-clone-final\\functions\\node_modules\\firebase-functions\\lib\\index.js"} {"metadata":{"emulator":{"name":"functions"},"function":{"name":"api"},"message":"[runtime-status] [12760] Resolved module firebase-functions {\"declared\":true,\"installed\":true,\"version\":\"3.13.0\",\"resolution\":\"D:\\\\Coding\\\\ReactJS\\\\amazon-clone-final\\\\functions\\\\node_modules\\\\firebase-functions\\\\lib\\\\index.js\"}"}}
[debug] [2021-01-01T04:30:41.194Z] [runtime-status] [12760] Checked functions.config() {"config":{}} {"metadata":{"emulator":{"name":"functions"},"function":{"name":"api"},"message":"[runtime-status] [12760] Checked functions.config() {\"config\":{}}"}}
[debug] [2021-01-01T04:30:41.194Z] [runtime-status] [12760] firebase-functions has been stubbed. {"functionsResolution":{"declared":true,"installed":true,"version":"3.13.0","resolution":"D:\\Coding\\ReactJS\\amazon-clone-final\\functions\\node_modules\\firebase-functions\\lib\\index.js"}} {"metadata":{"emulator":{"name":"functions"},"function":{"name":"api"},"message":"[runtime-status] [12760] firebase-functions has been stubbed. {\"functionsResolution\":{\"declared\":true,\"installed\":true,\"version\":\"3.13.0\",\"resolution\":\"D:\\\\Coding\\\\ReactJS\\\\amazon-clone-final\\\\functions\\\\node_modules\\\\firebase-functions\\\\lib\\\\index.js\"}}"}}
[debug] [2021-01-01T04:30:41.194Z] [runtime-status] [12760] Resolved module firebase-functions {"declared":true,"installed":true,"version":"3.13.0","resolution":"D:\\Coding\\ReactJS\\amazon-clone-final\\functions\\node_modules\\firebase-functions\\lib\\index.js"} {"metadata":{"emulator":{"name":"functions"},"function":{"name":"api"},"message":"[runtime-status] [12760] Resolved module firebase-functions {\"declared\":true,\"installed\":true,\"version\":\"3.13.0\",\"resolution\":\"D:\\\\Coding\\\\ReactJS\\\\amazon-clone-final\\\\functions\\\\node_modules\\\\firebase-functions\\\\lib\\\\index.js\"}"}}
[debug] [2021-01-01T04:30:41.195Z] [runtime-status] [12760] Resolved module firebase-admin {"declared":true,"installed":true,"version":"9.4.2","resolution":"D:\\Coding\\ReactJS\\amazon-clone-final\\functions\\node_modules\\firebase-admin\\lib\\index.js"} {"metadata":{"emulator":{"name":"functions"},"function":{"name":"api"},"message":"[runtime-status] [12760] Resolved module firebase-admin {\"declared\":true,\"installed\":true,\"version\":\"9.4.2\",\"resolution\":\"D:\\\\Coding\\\\ReactJS\\\\amazon-clone-final\\\\functions\\\\node_modules\\\\firebase-admin\\\\lib\\\\index.js\"}"}}
[debug] [2021-01-01T04:30:41.196Z] [runtime-status] [12760] Resolved module firebase-functions {"declared":true,"installed":true,"version":"3.13.0","resolution":"D:\\Coding\\ReactJS\\amazon-clone-final\\functions\\node_modules\\firebase-functions\\lib\\index.js"} {"metadata":{"emulator":{"name":"functions"},"function":{"name":"api"},"message":"[runtime-status] [12760] Resolved module firebase-functions {\"declared\":true,\"installed\":true,\"version\":\"3.13.0\",\"resolution\":\"D:\\\\Coding\\\\ReactJS\\\\amazon-clone-final\\\\functions\\\\node_modules\\\\firebase-functions\\\\lib\\\\index.js\"}"}}
[debug] [2021-01-01T04:30:41.196Z] [runtime-status] [12760] firebase-admin has been stubbed. {"adminResolution":{"declared":true,"installed":true,"version":"9.4.2","resolution":"D:\\Coding\\ReactJS\\amazon-clone-final\\functions\\node_modules\\firebase-admin\\lib\\index.js"}} {"metadata":{"emulator":{"name":"functions"},"function":{"name":"api"},"message":"[runtime-status] [12760] firebase-admin has been stubbed. {\"adminResolution\":{\"declared\":true,\"installed\":true,\"version\":\"9.4.2\",\"resolution\":\"D:\\\\Coding\\\\ReactJS\\\\amazon-clone-final\\\\functions\\\\node_modules\\\\firebase-admin\\\\lib\\\\index.js\"}}"}}
[debug] [2021-01-01T04:30:41.302Z] [runtime-status] [12760] Trigger "api" has been found, beginning invocation! {"metadata":{"emulator":{"name":"functions"},"function":{"name":"api"},"message":"[runtime-status] [12760] Trigger \"api\" has been found, beginning invocation!"}}
[info] i  functions: Beginning execution of "api" {"metadata":{"emulator":{"name":"functions"},"function":{"name":"api"},"message":"Beginning execution of \"api\""}}
[debug] [2021-01-01T04:30:41.304Z] [runtime-status] [12760] triggerDefinition {"httpsTrigger":{},"name":"api","entryPoint":"api"} {"metadata":{"emulator":{"name":"functions"},"function":{"name":"api"},"message":"[runtime-status] [12760] triggerDefinition {\"httpsTrigger\":{},\"name\":\"api\",\"entryPoint\":\"api\"}"}}
[debug] [2021-01-01T04:30:41.304Z] [runtime-status] [12760] Running api in mode HTTPS {"metadata":{"emulator":{"name":"functions"},"function":{"name":"api"},"message":"[runtime-status] [12760] Running api in mode HTTPS"}}
[debug] [2021-01-01T04:30:41.306Z] [runtime-status] [12760] Attempting to listen to socketPath: \\?\pipe\D:\Coding\ReactJS\amazon-clone-final\functions\12760 {"metadata":{"emulator":{"name":"functions"},"function":{"name":"api"},"message":"[runtime-status] [12760] Attempting to listen to socketPath: \\\\?\\pipe\\D:\\Coding\\ReactJS\\amazon-clone-final\\functions\\12760"}}
[debug] [2021-01-01T04:30:41.311Z] [functions] Runtime ready! Sending request! {"metadata":{"emulator":{"name":"functions"},"message":"[functions] Runtime ready! Sending request!"}}
[debug] [2021-01-01T04:30:41.336Z] [runtime-status] [12760] Ephemeral server handling POST request {"metadata":{"emulator":{"name":"functions"},"function":{"name":"api"},"message":"[runtime-status] [12760] Ephemeral server handling POST request"}}
[debug] [2021-01-01T04:30:41.378Z] [runtime-status] [12760] Ephemeral server survived. {"metadata":{"emulator":{"name":"functions"},"function":{"name":"api"},"message":"[runtime-status] [12760] Ephemeral server survived."}}
[info] i  functions: Finished "api" in ~1s {"metadata":{"emulator":{"name":"functions"},"function":{"name":"api"},"message":"Finished \"api\" in ~1s"}}
[debug] [2021-01-01T04:30:42.678Z] [worker-api-36cca36e-6278-4b33-a9dd-a0cd5aa7fb11]: IDLE {"metadata":{"emulator":{"name":"functions"},"message":"[worker-api-36cca36e-6278-4b33-a9dd-a0cd5aa7fb11]: IDLE"}}
[debug] [2021-01-01T04:30:42.678Z] [work-queue] {"queueLength":0,"workRunningCount":0}
[debug] [2021-01-01T04:37:43.627Z] [work-queue] {"queueLength":1,"workRunningCount":0}
[debug] [2021-01-01T04:37:43.628Z] [work-queue] {"queueLength":0,"workRunningCount":1}
[debug] [2021-01-01T04:37:43.628Z] Accepted request OPTIONS /challenge-7e003/us-central1/api/payments/create?total=150 --> api
[debug] [2021-01-01T04:37:43.628Z] [worker-pool] submitWork(triggerId=api) {"metadata":{"emulator":{"name":"functions"},"message":"[worker-pool] submitWork(triggerId=api)"}}
[debug] [2021-01-01T04:37:43.629Z] [worker-api-a42a334f-dd55-4c0f-8a62-cf8677358eab]: Assigning socketPath: \\?\pipe\D:\Coding\ReactJS\amazon-clone-final\functions\24160 {"metadata":{"emulator":{"name":"functions"},"message":"[worker-api-a42a334f-dd55-4c0f-8a62-cf8677358eab]: Assigning socketPath: \\\\?\\pipe\\D:\\Coding\\ReactJS\\amazon-clone-final\\functions\\24160"}}
[debug] [2021-01-01T04:37:43.629Z] [worker-api-a42a334f-dd55-4c0f-8a62-cf8677358eab]: BUSY {"metadata":{"emulator":{"name":"functions"},"message":"[worker-api-a42a334f-dd55-4c0f-8a62-cf8677358eab]: BUSY"}}
[debug] [2021-01-01T04:37:43.631Z] [runtime-status] [24160] Trigger "api" has been found, beginning invocation! {"metadata":{"emulator":{"name":"functions"},"function":{"name":"api"},"message":"[runtime-status] [24160] Trigger \"api\" has been found, beginning invocation!"}}
[info] i  functions: Beginning execution of "api" {"metadata":{"emulator":{"name":"functions"},"function":{"name":"api"},"message":"Beginning execution of \"api\""}}
[debug] [2021-01-01T04:37:43.633Z] [runtime-status] [24160] triggerDefinition {"httpsTrigger":{},"name":"api","entryPoint":"api"} {"metadata":{"emulator":{"name":"functions"},"function":{"name":"api"},"message":"[runtime-status] [24160] triggerDefinition {\"httpsTrigger\":{},\"name\":\"api\",\"entryPoint\":\"api\"}"}}
[debug] [2021-01-01T04:37:43.634Z] [runtime-status] [24160] Running api in mode HTTPS {"metadata":{"emulator":{"name":"functions"},"function":{"name":"api"},"message":"[runtime-status] [24160] Running api in mode HTTPS"}}
[debug] [2021-01-01T04:37:43.634Z] [runtime-status] [24160] Attempting to listen to socketPath: \\?\pipe\D:\Coding\ReactJS\amazon-clone-final\functions\24160 {"metadata":{"emulator":{"name":"functions"},"function":{"name":"api"},"message":"[runtime-status] [24160] Attempting to listen to socketPath: \\\\?\\pipe\\D:\\Coding\\ReactJS\\amazon-clone-final\\functions\\24160"}}
[debug] [2021-01-01T04:37:43.638Z] [functions] Runtime ready! Sending request! {"metadata":{"emulator":{"name":"functions"},"message":"[functions] Runtime ready! Sending request!"}}
[debug] [2021-01-01T04:37:43.646Z] [runtime-status] [24160] Ephemeral server handling OPTIONS request {"metadata":{"emulator":{"name":"functions"},"function":{"name":"api"},"message":"[runtime-status] [24160] Ephemeral server handling OPTIONS request"}}
[debug] [2021-01-01T04:37:43.649Z] [runtime-status] [24160] Ephemeral server survived. {"metadata":{"emulator":{"name":"functions"},"function":{"name":"api"},"message":"[runtime-status] [24160] Ephemeral server survived."}}
[info] i  functions: Finished "api" in ~1s {"metadata":{"emulator":{"name":"functions"},"function":{"name":"api"},"message":"Finished \"api\" in ~1s"}}
[debug] [2021-01-01T04:37:43.651Z] [worker-api-a42a334f-dd55-4c0f-8a62-cf8677358eab]: IDLE {"metadata":{"emulator":{"name":"functions"},"message":"[worker-api-a42a334f-dd55-4c0f-8a62-cf8677358eab]: IDLE"}}
[debug] [2021-01-01T04:37:43.655Z] [work-queue] {"queueLength":0,"workRunningCount":0}
[debug] [2021-01-01T04:37:43.656Z] [work-queue] {"queueLength":1,"workRunningCount":0}
[debug] [2021-01-01T04:37:43.656Z] [work-queue] {"queueLength":0,"workRunningCount":1}
[debug] [2021-01-01T04:37:43.657Z] Accepted request POST /challenge-7e003/us-central1/api/payments/create?total=150 --> api
[debug] [2021-01-01T04:37:43.657Z] [worker-pool] submitWork(triggerId=api) {"metadata":{"emulator":{"name":"functions"},"message":"[worker-pool] submitWork(triggerId=api)"}}
[debug] [2021-01-01T04:37:43.657Z] [worker-api-a42a334f-dd55-4c0f-8a62-cf8677358eab]: Assigning socketPath: \\?\pipe\D:\Coding\ReactJS\amazon-clone-final\functions\24160 {"metadata":{"emulator":{"name":"functions"},"message":"[worker-api-a42a334f-dd55-4c0f-8a62-cf8677358eab]: Assigning socketPath: \\\\?\\pipe\\D:\\Coding\\ReactJS\\amazon-clone-final\\functions\\24160"}}
[debug] [2021-01-01T04:37:43.657Z] [worker-api-a42a334f-dd55-4c0f-8a62-cf8677358eab]: BUSY {"metadata":{"emulator":{"name":"functions"},"message":"[worker-api-a42a334f-dd55-4c0f-8a62-cf8677358eab]: BUSY"}}
[debug] [2021-01-01T04:37:43.667Z] [runtime-status] [24160] Trigger "api" has been found, beginning invocation! {"metadata":{"emulator":{"name":"functions"},"function":{"name":"api"},"message":"[runtime-status] [24160] Trigger \"api\" has been found, beginning invocation!"}}
[info] i  functions: Beginning execution of "api" {"metadata":{"emulator":{"name":"functions"},"function":{"name":"api"},"message":"Beginning execution of \"api\""}}
[debug] [2021-01-01T04:37:43.691Z] [runtime-status] [24160] triggerDefinition {"httpsTrigger":{},"name":"api","entryPoint":"api"} {"metadata":{"emulator":{"name":"functions"},"function":{"name":"api"},"message":"[runtime-status] [24160] triggerDefinition {\"httpsTrigger\":{},\"name\":\"api\",\"entryPoint\":\"api\"}"}}
[debug] [2021-01-01T04:37:43.691Z] [runtime-status] [24160] Running api in mode HTTPS {"metadata":{"emulator":{"name":"functions"},"function":{"name":"api"},"message":"[runtime-status] [24160] Running api in mode HTTPS"}}
[debug] [2021-01-01T04:37:43.691Z] [runtime-status] [24160] Attempting to listen to socketPath: \\?\pipe\D:\Coding\ReactJS\amazon-clone-final\functions\24160 {"metadata":{"emulator":{"name":"functions"},"function":{"name":"api"},"message":"[runtime-status] [24160] Attempting to listen to socketPath: \\\\?\\pipe\\D:\\Coding\\ReactJS\\amazon-clone-final\\functions\\24160"}}
[debug] [2021-01-01T04:37:43.693Z] [functions] Runtime ready! Sending request! {"metadata":{"emulator":{"name":"functions"},"message":"[functions] Runtime ready! Sending request!"}}
[debug] [2021-01-01T04:37:43.727Z] [runtime-status] [24160] Ephemeral server handling POST request {"metadata":{"emulator":{"name":"functions"},"function":{"name":"api"},"message":"[runtime-status] [24160] Ephemeral server handling POST request"}}
[debug] [2021-01-01T04:37:43.801Z] [runtime-status] [24160] Ephemeral server survived. {"metadata":{"emulator":{"name":"functions"},"function":{"name":"api"},"message":"[runtime-status] [24160] Ephemeral server survived."}}
[info] i  functions: Finished "api" in ~1s {"metadata":{"emulator":{"name":"functions"},"function":{"name":"api"},"message":"Finished \"api\" in ~1s"}}
[debug] [2021-01-01T04:37:44.645Z] [worker-api-a42a334f-dd55-4c0f-8a62-cf8677358eab]: IDLE {"metadata":{"emulator":{"name":"functions"},"message":"[worker-api-a42a334f-dd55-4c0f-8a62-cf8677358eab]: IDLE"}}
[debug] [2021-01-01T04:37:44.646Z] [work-queue] {"queueLength":0,"workRunningCount":0}
[debug] [2021-01-01T04:57:15.790Z] [work-queue] {"queueLength":1,"workRunningCount":0}
[debug] [2021-01-01T04:57:15.791Z] [work-queue] {"queueLength":0,"workRunningCount":1}
[debug] [2021-01-01T04:57:15.793Z] Accepted request OPTIONS /challenge-7e003/us-central1/api/payments/create?total=250 --> api
[debug] [2021-01-01T04:57:15.794Z] [worker-pool] submitWork(triggerId=api) {"metadata":{"emulator":{"name":"functions"},"message":"[worker-pool] submitWork(triggerId=api)"}}
[debug] [2021-01-01T04:57:15.794Z] [worker-api-a42a334f-dd55-4c0f-8a62-cf8677358eab]: Assigning socketPath: \\?\pipe\D:\Coding\ReactJS\amazon-clone-final\functions\24160 {"metadata":{"emulator":{"name":"functions"},"message":"[worker-api-a42a334f-dd55-4c0f-8a62-cf8677358eab]: Assigning socketPath: \\\\?\\pipe\\D:\\Coding\\ReactJS\\amazon-clone-final\\functions\\24160"}}
[debug] [2021-01-01T04:57:15.794Z] [worker-api-a42a334f-dd55-4c0f-8a62-cf8677358eab]: BUSY {"metadata":{"emulator":{"name":"functions"},"message":"[worker-api-a42a334f-dd55-4c0f-8a62-cf8677358eab]: BUSY"}}
[debug] [2021-01-01T04:57:15.795Z] [runtime-status] [24160] Trigger "api" has been found, beginning invocation! {"metadata":{"emulator":{"name":"functions"},"function":{"name":"api"},"message":"[runtime-status] [24160] Trigger \"api\" has been found, beginning invocation!"}}
[info] i  functions: Beginning execution of "api" {"metadata":{"emulator":{"name":"functions"},"function":{"name":"api"},"message":"Beginning execution of \"api\""}}
[debug] [2021-01-01T04:57:15.796Z] [runtime-status] [24160] triggerDefinition {"httpsTrigger":{},"name":"api","entryPoint":"api"} {"metadata":{"emulator":{"name":"functions"},"function":{"name":"api"},"message":"[runtime-status] [24160] triggerDefinition {\"httpsTrigger\":{},\"name\":\"api\",\"entryPoint\":\"api\"}"}}
[debug] [2021-01-01T04:57:15.797Z] [runtime-status] [24160] Running api in mode HTTPS {"metadata":{"emulator":{"name":"functions"},"function":{"name":"api"},"message":"[runtime-status] [24160] Running api in mode HTTPS"}}
[debug] [2021-01-01T04:57:15.797Z] [runtime-status] [24160] Attempting to listen to socketPath: \\?\pipe\D:\Coding\ReactJS\amazon-clone-final\functions\24160 {"metadata":{"emulator":{"name":"functions"},"function":{"name":"api"},"message":"[runtime-status] [24160] Attempting to listen to socketPath: \\\\?\\pipe\\D:\\Coding\\ReactJS\\amazon-clone-final\\functions\\24160"}}
[debug] [2021-01-01T04:57:15.798Z] [functions] Runtime ready! Sending request! {"metadata":{"emulator":{"name":"functions"},"message":"[functions] Runtime ready! Sending request!"}}
[debug] [2021-01-01T04:57:15.802Z] [runtime-status] [24160] Ephemeral server handling OPTIONS request {"metadata":{"emulator":{"name":"functions"},"function":{"name":"api"},"message":"[runtime-status] [24160] Ephemeral server handling OPTIONS request"}}
[debug] [2021-01-01T04:57:15.803Z] [runtime-status] [24160] Ephemeral server survived. {"metadata":{"emulator":{"name":"functions"},"function":{"name":"api"},"message":"[runtime-status] [24160] Ephemeral server survived."}}
[info] i  functions: Finished "api" in ~1s {"metadata":{"emulator":{"name":"functions"},"function":{"name":"api"},"message":"Finished \"api\" in ~1s"}}
[debug] [2021-01-01T04:57:15.815Z] [worker-api-a42a334f-dd55-4c0f-8a62-cf8677358eab]: IDLE {"metadata":{"emulator":{"name":"functions"},"message":"[worker-api-a42a334f-dd55-4c0f-8a62-cf8677358eab]: IDLE"}}
[debug] [2021-01-01T04:57:15.815Z] [work-queue] {"queueLength":0,"workRunningCount":0}
[debug] [2021-01-01T04:57:15.816Z] [work-queue] {"queueLength":1,"workRunningCount":0}
[debug] [2021-01-01T04:57:15.816Z] [work-queue] {"queueLength":0,"workRunningCount":1}
[debug] [2021-01-01T04:57:15.816Z] Accepted request POST /challenge-7e003/us-central1/api/payments/create?total=250 --> api
[debug] [2021-01-01T04:57:15.816Z] [worker-pool] submitWork(triggerId=api) {"metadata":{"emulator":{"name":"functions"},"message":"[worker-pool] submitWork(triggerId=api)"}}
[debug] [2021-01-01T04:57:15.817Z] [worker-api-a42a334f-dd55-4c0f-8a62-cf8677358eab]: Assigning socketPath: \\?\pipe\D:\Coding\ReactJS\amazon-clone-final\functions\24160 {"metadata":{"emulator":{"name":"functions"},"message":"[worker-api-a42a334f-dd55-4c0f-8a62-cf8677358eab]: Assigning socketPath: \\\\?\\pipe\\D:\\Coding\\ReactJS\\amazon-clone-final\\functions\\24160"}}
[debug] [2021-01-01T04:57:15.817Z] [worker-api-a42a334f-dd55-4c0f-8a62-cf8677358eab]: BUSY {"metadata":{"emulator":{"name":"functions"},"message":"[worker-api-a42a334f-dd55-4c0f-8a62-cf8677358eab]: BUSY"}}
[debug] [2021-01-01T04:57:15.818Z] [runtime-status] [24160] Trigger "api" has been found, beginning invocation! {"metadata":{"emulator":{"name":"functions"},"function":{"name":"api"},"message":"[runtime-status] [24160] Trigger \"api\" has been found, beginning invocation!"}}
[info] i  functions: Beginning execution of "api" {"metadata":{"emulator":{"name":"functions"},"function":{"name":"api"},"message":"Beginning execution of \"api\""}}
[debug] [2021-01-01T04:57:15.820Z] [runtime-status] [24160] triggerDefinition {"httpsTrigger":{},"name":"api","entryPoint":"api"} {"metadata":{"emulator":{"name":"functions"},"function":{"name":"api"},"message":"[runtime-status] [24160] triggerDefinition {\"httpsTrigger\":{},\"name\":\"api\",\"entryPoint\":\"api\"}"}}
[debug] [2021-01-01T04:57:15.820Z] [runtime-status] [24160] Running api in mode HTTPS {"metadata":{"emulator":{"name":"functions"},"function":{"name":"api"},"message":"[runtime-status] [24160] Running api in mode HTTPS"}}
[debug] [2021-01-01T04:57:15.820Z] [runtime-status] [24160] Attempting to listen to socketPath: \\?\pipe\D:\Coding\ReactJS\amazon-clone-final\functions\24160 {"metadata":{"emulator":{"name":"functions"},"function":{"name":"api"},"message":"[runtime-status] [24160] Attempting to listen to socketPath: \\\\?\\pipe\\D:\\Coding\\ReactJS\\amazon-clone-final\\functions\\24160"}}
[debug] [2021-01-01T04:57:15.822Z] [functions] Runtime ready! Sending request! {"metadata":{"emulator":{"name":"functions"},"message":"[functions] Runtime ready! Sending request!"}}
[debug] [2021-01-01T04:57:15.826Z] [runtime-status] [24160] Ephemeral server handling POST request {"metadata":{"emulator":{"name":"functions"},"function":{"name":"api"},"message":"[runtime-status] [24160] Ephemeral server handling POST request"}}
[debug] [2021-01-01T04:57:15.835Z] [runtime-status] [24160] Ephemeral server survived. {"metadata":{"emulator":{"name":"functions"},"function":{"name":"api"},"message":"[runtime-status] [24160] Ephemeral server survived."}}
[info] i  functions: Finished "api" in ~1s {"metadata":{"emulator":{"name":"functions"},"function":{"name":"api"},"message":"Finished \"api\" in ~1s"}}
[debug] [2021-01-01T04:57:16.611Z] [worker-api-a42a334f-dd55-4c0f-8a62-cf8677358eab]: IDLE {"metadata":{"emulator":{"name":"functions"},"message":"[worker-api-a42a334f-dd55-4c0f-8a62-cf8677358eab]: IDLE"}}
[debug] [2021-01-01T04:57:16.611Z] [work-queue] {"queueLength":0,"workRunningCount":0}
[debug] [2021-01-01T07:16:53.828Z] [work-queue] {"queueLength":1,"workRunningCount":0}
[debug] [2021-01-01T07:16:53.831Z] [work-queue] {"queueLength":0,"workRunningCount":1}
[debug] [2021-01-01T07:16:53.832Z] Accepted request OPTIONS /challenge-7e003/us-central1/api/payments/create?total=0 --> api
[debug] [2021-01-01T07:16:53.833Z] [worker-pool] submitWork(triggerId=api) {"metadata":{"emulator":{"name":"functions"},"message":"[worker-pool] submitWork(triggerId=api)"}}
[debug] [2021-01-01T07:16:53.835Z] [worker-api-a42a334f-dd55-4c0f-8a62-cf8677358eab]: Assigning socketPath: \\?\pipe\D:\Coding\ReactJS\amazon-clone-final\functions\24160 {"metadata":{"emulator":{"name":"functions"},"message":"[worker-api-a42a334f-dd55-4c0f-8a62-cf8677358eab]: Assigning socketPath: \\\\?\\pipe\\D:\\Coding\\ReactJS\\amazon-clone-final\\functions\\24160"}}
[debug] [2021-01-01T07:16:53.835Z] [worker-api-a42a334f-dd55-4c0f-8a62-cf8677358eab]: BUSY {"metadata":{"emulator":{"name":"functions"},"message":"[worker-api-a42a334f-dd55-4c0f-8a62-cf8677358eab]: BUSY"}}
[debug] [2021-01-01T07:16:53.866Z] [runtime-status] [24160] Trigger "api" has been found, beginning invocation! {"metadata":{"emulator":{"name":"functions"},"function":{"name":"api"},"message":"[runtime-status] [24160] Trigger \"api\" has been found, beginning invocation!"}}
[info] i  functions: Beginning execution of "api" {"metadata":{"emulator":{"name":"functions"},"function":{"name":"api"},"message":"Beginning execution of \"api\""}}
[debug] [2021-01-01T07:16:53.870Z] [runtime-status] [24160] triggerDefinition {"httpsTrigger":{},"name":"api","entryPoint":"api"} {"metadata":{"emulator":{"name":"functions"},"function":{"name":"api"},"message":"[runtime-status] [24160] triggerDefinition {\"httpsTrigger\":{},\"name\":\"api\",\"entryPoint\":\"api\"}"}}
[debug] [2021-01-01T07:16:53.870Z] [runtime-status] [24160] Running api in mode HTTPS {"metadata":{"emulator":{"name":"functions"},"function":{"name":"api"},"message":"[runtime-status] [24160] Running api in mode HTTPS"}}
[debug] [2021-01-01T07:16:53.872Z] [runtime-status] [24160] Attempting to listen to socketPath: \\?\pipe\D:\Coding\ReactJS\amazon-clone-final\functions\24160 {"metadata":{"emulator":{"name":"functions"},"function":{"name":"api"},"message":"[runtime-status] [24160] Attempting to listen to socketPath: \\\\?\\pipe\\D:\\Coding\\ReactJS\\amazon-clone-final\\functions\\24160"}}
[debug] [2021-01-01T07:16:53.884Z] [functions] Runtime ready! Sending request! {"metadata":{"emulator":{"name":"functions"},"message":"[functions] Runtime ready! Sending request!"}}
[debug] [2021-01-01T07:16:53.896Z] [runtime-status] [24160] Ephemeral server handling OPTIONS request {"metadata":{"emulator":{"name":"functions"},"function":{"name":"api"},"message":"[runtime-status] [24160] Ephemeral server handling OPTIONS request"}}
[debug] [2021-01-01T07:16:53.900Z] [runtime-status] [24160] Ephemeral server survived. {"metadata":{"emulator":{"name":"functions"},"function":{"name":"api"},"message":"[runtime-status] [24160] Ephemeral server survived."}}
[info] i  functions: Finished "api" in ~1s {"metadata":{"emulator":{"name":"functions"},"function":{"name":"api"},"message":"Finished \"api\" in ~1s"}}
[debug] [2021-01-01T07:16:53.902Z] [worker-api-a42a334f-dd55-4c0f-8a62-cf8677358eab]: IDLE {"metadata":{"emulator":{"name":"functions"},"message":"[worker-api-a42a334f-dd55-4c0f-8a62-cf8677358eab]: IDLE"}}
[debug] [2021-01-01T07:16:53.902Z] [work-queue] {"queueLength":0,"workRunningCount":0}
[debug] [2021-01-01T07:16:53.903Z] [work-queue] {"queueLength":1,"workRunningCount":0}
[debug] [2021-01-01T07:16:53.904Z] [work-queue] {"queueLength":0,"workRunningCount":1}
[debug] [2021-01-01T07:16:53.904Z] Accepted request POST /challenge-7e003/us-central1/api/payments/create?total=0 --> api
[debug] [2021-01-01T07:16:53.904Z] [worker-pool] submitWork(triggerId=api) {"metadata":{"emulator":{"name":"functions"},"message":"[worker-pool] submitWork(triggerId=api)"}}
[debug] [2021-01-01T07:16:53.904Z] [worker-api-a42a334f-dd55-4c0f-8a62-cf8677358eab]: Assigning socketPath: \\?\pipe\D:\Coding\ReactJS\amazon-clone-final\functions\24160 {"metadata":{"emulator":{"name":"functions"},"message":"[worker-api-a42a334f-dd55-4c0f-8a62-cf8677358eab]: Assigning socketPath: \\\\?\\pipe\\D:\\Coding\\ReactJS\\amazon-clone-final\\functions\\24160"}}
[debug] [2021-01-01T07:16:53.904Z] [worker-api-a42a334f-dd55-4c0f-8a62-cf8677358eab]: BUSY {"metadata":{"emulator":{"name":"functions"},"message":"[worker-api-a42a334f-dd55-4c0f-8a62-cf8677358eab]: BUSY"}}
[debug] [2021-01-01T07:16:53.912Z] [runtime-status] [24160] Trigger "api" has been found, beginning invocation! {"metadata":{"emulator":{"name":"functions"},"function":{"name":"api"},"message":"[runtime-status] [24160] Trigger \"api\" has been found, beginning invocation!"}}
[info] i  functions: Beginning execution of "api" {"metadata":{"emulator":{"name":"functions"},"function":{"name":"api"},"message":"Beginning execution of \"api\""}}
[debug] [2021-01-01T07:16:53.919Z] [runtime-status] [24160] triggerDefinition {"httpsTrigger":{},"name":"api","entryPoint":"api"} {"metadata":{"emulator":{"name":"functions"},"function":{"name":"api"},"message":"[runtime-status] [24160] triggerDefinition {\"httpsTrigger\":{},\"name\":\"api\",\"entryPoint\":\"api\"}"}}
[debug] [2021-01-01T07:16:53.919Z] [runtime-status] [24160] Running api in mode HTTPS {"metadata":{"emulator":{"name":"functions"},"function":{"name":"api"},"message":"[runtime-status] [24160] Running api in mode HTTPS"}}
[debug] [2021-01-01T07:16:53.919Z] [runtime-status] [24160] Attempting to listen to socketPath: \\?\pipe\D:\Coding\ReactJS\amazon-clone-final\functions\24160 {"metadata":{"emulator":{"name":"functions"},"function":{"name":"api"},"message":"[runtime-status] [24160] Attempting to listen to socketPath: \\\\?\\pipe\\D:\\Coding\\ReactJS\\amazon-clone-final\\functions\\24160"}}
[debug] [2021-01-01T07:16:53.922Z] [functions] Runtime ready! Sending request! {"metadata":{"emulator":{"name":"functions"},"message":"[functions] Runtime ready! Sending request!"}}
[debug] [2021-01-01T07:16:53.932Z] [runtime-status] [24160] Ephemeral server handling POST request {"metadata":{"emulator":{"name":"functions"},"function":{"name":"api"},"message":"[runtime-status] [24160] Ephemeral server handling POST request"}}
[debug] [2021-01-01T07:16:53.944Z] [runtime-status] [24160] Ephemeral server survived. {"metadata":{"emulator":{"name":"functions"},"function":{"name":"api"},"message":"[runtime-status] [24160] Ephemeral server survived."}}
[info] >  (node:24160) UnhandledPromiseRejectionWarning: Error: This value must be greater than or equal to 1. {"user":"(node:24160) UnhandledPromiseRejectionWarning: Error: This value must be greater than or equal to 1.","metadata":{"emulator":{"name":"functions"},"function":{"name":"api"},"message":"\u001b[90m> \u001b[39m (node:24160) UnhandledPromiseRejectionWarning: Error: This value must be greater than or equal to 1."}}
[info] >      at Function.generate (D:\Coding\ReactJS\amazon-clone-final\functions\node_modules\stripe\lib\Error.js:40:16) {"user":"    at Function.generate (D:\\Coding\\ReactJS\\amazon-clone-final\\functions\\node_modules\\stripe\\lib\\Error.js:40:16)","metadata":{"emulator":{"name":"functions"},"function":{"name":"api"},"message":"\u001b[90m> \u001b[39m     at Function.generate (D:\\Coding\\ReactJS\\amazon-clone-final\\functions\\node_modules\\stripe\\lib\\Error.js:40:16)"}}
[info] >      at IncomingMessage.<anonymous> (D:\Coding\ReactJS\amazon-clone-final\functions\node_modules\stripe\lib\StripeResource.js:190:33) {"user":"    at IncomingMessage.<anonymous> (D:\\Coding\\ReactJS\\amazon-clone-final\\functions\\node_modules\\stripe\\lib\\StripeResource.js:190:33)","metadata":{"emulator":{"name":"functions"},"function":{"name":"api"},"message":"\u001b[90m> \u001b[39m     at IncomingMessage.<anonymous> (D:\\Coding\\ReactJS\\amazon-clone-final\\functions\\node_modules\\stripe\\lib\\StripeResource.js:190:33)"}}
[info] >      at Object.onceWrapper (events.js:421:28) {"user":"    at Object.onceWrapper (events.js:421:28)","metadata":{"emulator":{"name":"functions"},"function":{"name":"api"},"message":"\u001b[90m> \u001b[39m     at Object.onceWrapper (events.js:421:28)"}}
[info] >      at IncomingMessage.emit (events.js:327:22) {"user":"    at IncomingMessage.emit (events.js:327:22)","metadata":{"emulator":{"name":"functions"},"function":{"name":"api"},"message":"\u001b[90m> \u001b[39m     at IncomingMessage.emit (events.js:327:22)"}}
[info] >      at endReadableNT (internal/streams/readable.js:1327:12) {"user":"    at endReadableNT (internal/streams/readable.js:1327:12)","metadata":{"emulator":{"name":"functions"},"function":{"name":"api"},"message":"\u001b[90m> \u001b[39m     at endReadableNT (internal/streams/readable.js:1327:12)"}}
[info] >      at processTicksAndRejections (internal/process/task_queues.js:80:21) {"user":"    at processTicksAndRejections (internal/process/task_queues.js:80:21)","metadata":{"emulator":{"name":"functions"},"function":{"name":"api"},"message":"\u001b[90m> \u001b[39m     at processTicksAndRejections (internal/process/task_queues.js:80:21)"}}
[info] >  (Use `node --trace-warnings ...` to show where the warning was created) {"user":"(Use `node --trace-warnings ...` to show where the warning was created)","metadata":{"emulator":{"name":"functions"},"function":{"name":"api"},"message":"\u001b[90m> \u001b[39m (Use `node --trace-warnings ...` to show where the warning was created)"}}
[info] >  (node:24160) UnhandledPromiseRejectionWarning: Unhandled promise rejection. This error originated either by throwing inside of an async function without a catch block, or by rejecting a promise which was not handled with .catch(). To terminate the node process on unhandled promise rejection, use the CLI flag `--unhandled-rejections=strict` (see https://nodejs.org/api/cli.html#cli_unhandled_rejections_mode). (rejection id: 1) {"user":"(node:24160) UnhandledPromiseRejectionWarning: Unhandled promise rejection. This error originated either by throwing inside of an async function without a catch block, or by rejecting a promise which was not handled with .catch(). To terminate the node process on unhandled promise rejection, use the CLI flag `--unhandled-rejections=strict` (see https://nodejs.org/api/cli.html#cli_unhandled_rejections_mode). (rejection id: 1)","metadata":{"emulator":{"name":"functions"},"function":{"name":"api"},"message":"\u001b[90m> \u001b[39m (node:24160) UnhandledPromiseRejectionWarning: Unhandled promise rejection. This error originated either by throwing inside of an async function without a catch block, or by rejecting a promise which was not handled with .catch(). To terminate the node process on unhandled promise rejection, use the CLI flag `--unhandled-rejections=strict` (see https://nodejs.org/api/cli.html#cli_unhandled_rejections_mode). (rejection id: 1)"}}
[info] >  (node:24160) [DEP0018] DeprecationWarning: Unhandled promise rejections are deprecated. In the future, promise rejections that are not handled will terminate the Node.js process with a non-zero exit code. {"user":"(node:24160) [DEP0018] DeprecationWarning: Unhandled promise rejections are deprecated. In the future, promise rejections that are not handled will terminate the Node.js process with a non-zero exit code.","metadata":{"emulator":{"name":"functions"},"function":{"name":"api"},"message":"\u001b[90m> \u001b[39m (node:24160) [DEP0018] DeprecationWarning: Unhandled promise rejections are deprecated. In the future, promise rejections that are not handled will terminate the Node.js process with a non-zero exit code."}}
[warn] !  functions: Your function timed out after ~60s. To configure this timeout, see
      https://firebase.google.com/docs/functions/manage-functions#set_timeout_and_memory_allocation. {"metadata":{"emulator":{"name":"functions"},"function":{"name":"api"},"message":"Your function timed out after ~60s. To configure this timeout, see\n      https://firebase.google.com/docs/functions/manage-functions#set_timeout_and_memory_allocation."}}
[info] >  C:\Users\pc\AppData\Roaming\npm\node_modules\firebase-tools\lib\emulator\functionsEmulatorRuntime.js:638 {"user":"C:\\Users\\pc\\AppData\\Roaming\\npm\\node_modules\\firebase-tools\\lib\\emulator\\functionsEmulatorRuntime.js:638\r","metadata":{"emulator":{"name":"functions"},"function":{"name":"api"},"message":"\u001b[90m> \u001b[39m C:\\Users\\pc\\AppData\\Roaming\\npm\\node_modules\\firebase-tools\\lib\\emulator\\functionsEmulatorRuntime.js:638\r"}}
[info] >              throw new Error("Function timed out."); {"user":"            throw new Error(\"Function timed out.\");\r","metadata":{"emulator":{"name":"functions"},"function":{"name":"api"},"message":"\u001b[90m> \u001b[39m             throw new Error(\"Function timed out.\");\r"}}
[info] >              ^ {"user":"            ^\r","metadata":{"emulator":{"name":"functions"},"function":{"name":"api"},"message":"\u001b[90m> \u001b[39m             ^\r"}}
[info] >   {"user":"\r","metadata":{"emulator":{"name":"functions"},"function":{"name":"api"},"message":"\u001b[90m> \u001b[39m \r"}}
[info] >  Error: Function timed out. {"user":"Error: Function timed out.\r","metadata":{"emulator":{"name":"functions"},"function":{"name":"api"},"message":"\u001b[90m> \u001b[39m Error: Function timed out.\r"}}
[info] >      at Timeout._onTimeout (C:\Users\pc\AppData\Roaming\npm\node_modules\firebase-tools\lib\emulator\functionsEmulatorRuntime.js:638:19) {"user":"    at Timeout._onTimeout (C:\\Users\\pc\\AppData\\Roaming\\npm\\node_modules\\firebase-tools\\lib\\emulator\\functionsEmulatorRuntime.js:638:19)\r","metadata":{"emulator":{"name":"functions"},"function":{"name":"api"},"message":"\u001b[90m> \u001b[39m     at Timeout._onTimeout (C:\\Users\\pc\\AppData\\Roaming\\npm\\node_modules\\firebase-tools\\lib\\emulator\\functionsEmulatorRuntime.js:638:19)\r"}}
[info] >      at listOnTimeout (internal/timers.js:554:17) {"user":"    at listOnTimeout (internal/timers.js:554:17)\r","metadata":{"emulator":{"name":"functions"},"function":{"name":"api"},"message":"\u001b[90m> \u001b[39m     at listOnTimeout (internal/timers.js:554:17)\r"}}
[info] >      at processTimers (internal/timers.js:497:7) {"user":"    at processTimers (internal/timers.js:497:7)\r","metadata":{"emulator":{"name":"functions"},"function":{"name":"api"},"message":"\u001b[90m> \u001b[39m     at processTimers (internal/timers.js:497:7)\r"}}
[debug] [2021-01-01T07:17:53.978Z] [worker-api-a42a334f-dd55-4c0f-8a62-cf8677358eab]: exited {"metadata":{"emulator":{"name":"functions"},"message":"[worker-api-a42a334f-dd55-4c0f-8a62-cf8677358eab]: exited"}}
[debug] [2021-01-01T07:17:53.978Z] [worker-api-a42a334f-dd55-4c0f-8a62-cf8677358eab]: FINISHED {"metadata":{"emulator":{"name":"functions"},"message":"[worker-api-a42a334f-dd55-4c0f-8a62-cf8677358eab]: FINISHED"}}
[debug] [2021-01-01T07:17:53.979Z] [work-queue] {"queueLength":0,"workRunningCount":0}
[debug] [2021-01-01T08:27:01.234Z] [worker-api-36cca36e-6278-4b33-a9dd-a0cd5aa7fb11]: exited {"metadata":{"emulator":{"name":"functions"},"message":"[worker-api-36cca36e-6278-4b33-a9dd-a0cd5aa7fb11]: exited"}}
[debug] [2021-01-01T08:27:01.235Z] [worker-api-36cca36e-6278-4b33-a9dd-a0cd5aa7fb11]: FINISHED {"metadata":{"emulator":{"name":"functions"},"message":"[worker-api-36cca36e-6278-4b33-a9dd-a0cd5aa7fb11]: FINISHED"}}
[debug] [2021-01-01T08:27:01.259Z] [worker-~diagnostic~-9babb934-4bb6-4590-825d-d02f5ef8fcc9]: exited {"metadata":{"emulator":{"name":"functions"},"message":"[worker-~diagnostic~-9babb934-4bb6-4590-825d-d02f5ef8fcc9]: exited"}}
